1628765180258	geckodriver	INFO	Listening on 127.0.0.1:60592
1628765183331	mozrunner::runner	INFO	Running command: "C:\\Program Files\\Mozilla Firefox\\firefox.exe" "--marionette" "-foreground" "-no-remote" "-profile" "C:\\Users\\micha\\AppData\\Local\\Temp\\rust_mozprofileyT9wto"
1628765307374	geckodriver	INFO	Listening on 127.0.0.1:55585
1628765310437	mozrunner::runner	INFO	Running command: "C:\\Program Files\\Mozilla Firefox\\firefox.exe" "--marionette" "-foreground" "-no-remote" "-profile" "C:\\Users\\micha\\AppData\\Local\\Temp\\rust_mozprofile43RJcw"
1628765311352	addons.webextension.doh-rollout@mozilla.org	WARN	Loading extension 'doh-rollout@mozilla.org': Reading manifest: Invalid extension permission: networkStatus
1628765312548	addons.webextension.screenshots@mozilla.org	WARN	Loading extension 'screenshots@mozilla.org': Reading manifest: Invalid extension permission: mozillaAddons
1628765312548	addons.webextension.screenshots@mozilla.org	WARN	Loading extension 'screenshots@mozilla.org': Reading manifest: Invalid extension permission: telemetry
1628765312549	addons.webextension.screenshots@mozilla.org	WARN	Loading extension 'screenshots@mozilla.org': Reading manifest: Invalid extension permission: resource://pdf.js/
1628765312549	addons.webextension.screenshots@mozilla.org	WARN	Loading extension 'screenshots@mozilla.org': Reading manifest: Invalid extension permission: about:reader*
JavaScript error: resource://gre/modules/XULStore.jsm, line 66: Error: Can't find profile directory.
1628765318288	Marionette	INFO	Listening on port 63387
1628765318734	Marionette	WARN	TLS certificate errors will be ignored for this session
1628765353367	Marionette	INFO	Stopped listening on port 63387

###!!! [Child][RunMessage] Error: Channel closing: too late to send/recv, messages will be lost


###!!! [Child][MessageChannel::SendAndWait] Error: Channel error: cannot send/recv

1628767281814	geckodriver	INFO	Listening on 127.0.0.1:56149
1628767284868	mozrunner::runner	INFO	Running command: "C:\\Program Files\\Mozilla Firefox\\firefox.exe" "--marionette" "-foreground" "-no-remote" "-profile" "C:\\Users\\micha\\AppData\\Local\\Temp\\rust_mozprofiley3gux2"
1628767285453	addons.webextension.doh-rollout@mozilla.org	WARN	Loading extension 'doh-rollout@mozilla.org': Reading manifest: Invalid extension permission: networkStatus
1628767286156	addons.webextension.screenshots@mozilla.org	WARN	Loading extension 'screenshots@mozilla.org': Reading manifest: Invalid extension permission: mozillaAddons
1628767286156	addons.webextension.screenshots@mozilla.org	WARN	Loading extension 'screenshots@mozilla.org': Reading manifest: Invalid extension permission: telemetry
1628767286156	addons.webextension.screenshots@mozilla.org	WARN	Loading extension 'screenshots@mozilla.org': Reading manifest: Invalid extension permission: resource://pdf.js/
1628767286157	addons.webextension.screenshots@mozilla.org	WARN	Loading extension 'screenshots@mozilla.org': Reading manifest: Invalid extension permission: about:reader*
JavaScript error: resource://gre/modules/XULStore.jsm, line 66: Error: Can't find profile directory.
1628767290608	Marionette	INFO	Listening on port 61633
1628767290680	Marionette	WARN	TLS certificate errors will be ignored for this session
JavaScript error: https://www.channelnewsasia.com/blueprint/cna/lib/ge-2020-min/js/chunk-vendors.js, line 1: SyntaxError: expected expression, got '<'
JavaScript error: https://www.channelnewsasia.com/blueprint/cna/lib/ge-2020-min/js/app.js, line 1: SyntaxError: expected expression, got '<'
JavaScript error: https://www.todayonline.com/singapore/69-year-old-singaporean-man-dies-covid-19-complications-6th-such-death-august-death-toll, line 88: TypeError: googletag.pubads is not a function
JavaScript warning: https://www.todayonline.com/_Incapsula_Resource?SWJIYLWA=719d34d31c8e3a6e6fffd425f7e032f3&ns=1&cb=80496612, line 1: unreachable code after return statement
JavaScript warning: https://www.todayonline.com/_Incapsula_Resource?SWJIYLWA=719d34d31c8e3a6e6fffd425f7e032f3&ns=1&cb=80496612, line 1: unreachable code after return statement
JavaScript warning: https://www.todayonline.com/_Incapsula_Resource?SWJIYLWA=719d34d31c8e3a6e6fffd425f7e032f3&ns=1&cb=80496612, line 1: unreachable code after return statement
JavaScript warning: https://www.todayonline.com/_Incapsula_Resource?SWJIYLWA=719d34d31c8e3a6e6fffd425f7e032f3&ns=1&cb=80496612 line 1 > eval, line 1: unreachable code after return statement
JavaScript warning: https://www.todayonline.com/_Incapsula_Resource?SWJIYLWA=719d34d31c8e3a6e6fffd425f7e032f3&ns=1&cb=80496612 line 1 > eval, line 1: unreachable code after return statement
JavaScript error: https://s7.addthis.com/static/sh.f48a1a04fe8dbf021b4cda1d.html#rand=0.38071281658749645&iit=1628767295032&tmr=load%3D1628767294971%26core%3D1628767295019%26main%3D1628767295026%26ifr%3D1628767295042&cb=0&cdn=0&md=0&kw=&ab=-&dh=www.todayonline.com&dr=&du=https%3A%2F%2Fwww.todayonline.com%2Fsingapore%2F69-year-old-singaporean-man-dies-covid-19-complications-6th-such-death-august-death-toll&href=https%3A%2F%2Fwww.todayonline.com%2Fsingapore%2F69-year-old-singaporean-man-dies-covid-19-complications-6th-such-death-august-death-toll&dt=69-year-old%20Singaporean%20man%20dies%20of%20Covid-19%20complications%3B%206th%20such%20death%20in%20August%20as%20death%20toll%20hits%2043&dbg=0&cap=tc%3D0%26ab%3D0&inst=1&jsl=131073&prod=undefined&lng=en&ogt=type%3Darticle%2Cdescription%2Csite_name%2Ctitle%2Cheight%2Cwidth%2Cimage&pc=men&pub=ra-58dca8e1849ed839&ssl=1&sid=6115043e2b4a5755&srf=0.01&ver=300&xck=0&xtr=0&og=twitter%3DSINGAPORE%2520%25E2%2580%2594%2520A%252069-year-old%2520Singaporean%2520man%2520died%2520on%2520Wednesday%2520(Aug%252011)%2520from%2520complications%2520due%2520to%2520Covid-19.%26image%3Dhttps%253A%252F%252Fwww.todayonline.com%252Fsites%252Fdefault%252Ffiles%252Fstyles%252Fnew_app_article_detail%252Fpublic%252Fphotos%252F43_images%252F20210218_ttsh_ili_0.jpeg%253Fitok%253DKhN1MiXZ%26width%3D1300%26height%3D650%26title%3D69-year-old%2520Singaporean%2520man%2520dies%2520of%2520Covid-19%2520complications%253B%25206th%2520such%2520death%2520in%2520August%2520as%2520death%2520toll%2520hits%252043%26site_name%3DTODAYonline%26description%3DSINGAPORE%2520%25E2%2580%2594%2520A%252069-year-old%2520Singaporean%2520man%2520died%2520on%2520Wednesday%2520(Aug%252011)%2520from%2520complications%2520due%2520to%2520Covid-19.%26type%3Darticle&csi=undefined&rev=v8.28.8-wp&ct=1&xld=1&xd=1, line 41: TypeError: (intermediate value).search is not a function
JavaScript error: https://s7.addthis.com/static/sh.f48a1a04fe8dbf021b4cda1d.html#rand=0.38071281658749645&iit=1628767295032&tmr=load%3D1628767294971%26core%3D1628767295019%26main%3D1628767295026%26ifr%3D1628767295042&cb=0&cdn=0&md=0&kw=&ab=-&dh=www.todayonline.com&dr=&du=https%3A%2F%2Fwww.todayonline.com%2Fsingapore%2F69-year-old-singaporean-man-dies-covid-19-complications-6th-such-death-august-death-toll&href=https%3A%2F%2Fwww.todayonline.com%2Fsingapore%2F69-year-old-singaporean-man-dies-covid-19-complications-6th-such-death-august-death-toll&dt=69-year-old%20Singaporean%20man%20dies%20of%20Covid-19%20complications%3B%206th%20such%20death%20in%20August%20as%20death%20toll%20hits%2043&dbg=0&cap=tc%3D0%26ab%3D0&inst=1&jsl=131073&prod=undefined&lng=en&ogt=type%3Darticle%2Cdescription%2Csite_name%2Ctitle%2Cheight%2Cwidth%2Cimage&pc=men&pub=ra-58dca8e1849ed839&ssl=1&sid=6115043e2b4a5755&srf=0.01&ver=300&xck=0&xtr=0&og=twitter%3DSINGAPORE%2520%25E2%2580%2594%2520A%252069-year-old%2520Singaporean%2520man%2520died%2520on%2520Wednesday%2520(Aug%252011)%2520from%2520complications%2520due%2520to%2520Covid-19.%26image%3Dhttps%253A%252F%252Fwww.todayonline.com%252Fsites%252Fdefault%252Ffiles%252Fstyles%252Fnew_app_article_detail%252Fpublic%252Fphotos%252F43_images%252F20210218_ttsh_ili_0.jpeg%253Fitok%253DKhN1MiXZ%26width%3D1300%26height%3D650%26title%3D69-year-old%2520Singaporean%2520man%2520dies%2520of%2520Covid-19%2520complications%253B%25206th%2520such%2520death%2520in%2520August%2520as%2520death%2520toll%2520hits%252043%26site_name%3DTODAYonline%26description%3DSINGAPORE%2520%25E2%2580%2594%2520A%252069-year-old%2520Singaporean%2520man%2520died%2520on%2520Wednesday%2520(Aug%252011)%2520from%2520complications%2520due%2520to%2520Covid-19.%26type%3Darticle&csi=undefined&rev=v8.28.8-wp&ct=1&xld=1&xd=1, line 41: TypeError: (intermediate value).search is not a function
JavaScript error: , line 0: uncaught exception: Object
[Parent 7948, Gecko_IOThread] WARNING: file /builds/worker/checkouts/gecko/ipc/chromium/src/base/process_util_win.cc, line 166
1628828777803	Marionette	INFO	Stopped listening on port 61633

###!!! [Child][MessageChannel::SendAndWait] Error: Channel error: cannot send/recv

org	WARN	Loading extension 'doh-rollout@mozilla.org': Reading manifest: Invalid extension permission: networkStatus
1628767707537	addons.webextension.screenshots@mozilla.org	WARN	Loading extension 'screenshots@mozilla.org': Reading manifest: Invalid extension permission: mozillaAddons
1628767707537	addons.webextension.screenshots@mozilla.org	WARN	Loading extension 'screenshots@mozilla.org': Reading manifest: Invalid extension permission: telemetry
1628767707537	addons.webextension.screenshots@mozilla.org	WARN	Loading extension 'screenshots@mozilla.org': Reading manifest: Invalid extension permission: resource://pdf.js/
1628767707537	addons.webextension.screenshots@mozilla.org	WARN	Loading extension 'screenshots@mozilla.org': Reading manifest: Invalid extension permission: about:reader*
JavaScript error: resource://gre/modules/XULStore.jsm, line 66: Error: Can't find profile directory.
1628767712148	Marionette	INFO	Listening on port 57813
1628767712361	Marionette	WARN	TLS certificate errors will be ignored for this session
JavaScript error: https://www.channelnewsasia.com/blueprint/cna/lib/ge-2020-min/js/chunk-vendors.js, line 1: SyntaxError: expected expression, got '<'
JavaScript error: https://www.channelnewsasia.com/blueprint/cna/lib/ge-2020-min/js/app.js, line 1: SyntaxError: expected expression, got '<'
JavaScript error: https://www.todayonline.com/singapore/69-year-old-singaporean-man-dies-covid-19-complications-6th-such-death-august-death-toll, line 88: TypeError: googletag.pubads is not a function
JavaScript error: https://uid.mediacorp.sg/api/scripts/meid_seg.js?MeID=bcbe0653-9865-4c10-9fdc-dd7d44a2d9a7&meid_callback=SuccessMeIDSeg_callback_1628767714340, line 1: TypeError: window.SuccessMeIDSeg_callback_1628767714340 is not a function
JavaScript warning: https://www.todayonline.com/_Incapsula_Resource?SWJIYLWA=719d34d31c8e3a6e6fffd425f7e032f3&ns=1&cb=104435180, line 1: unreachable code after return statement
JavaScript warning: https://www.todayonline.com/_Incapsula_Resource?SWJIYLWA=719d34d31c8e3a6e6fffd425f7e032f3&ns=1&cb=104435180, line 1: unreachable code after return statement
JavaScript warning: https://www.todayonline.com/_Incapsula_Resource?SWJIYLWA=719d34d31c8e3a6e6fffd425f7e032f3&ns=1&cb=104435180 line 1 > eval, line 1: unreachable code after return statement
JavaScript error: https://s7.addthis.com/static/sh.f48a1a04fe8dbf021b4cda1d.html#rand=0.28501832217791423&iit=1628767716872&tmr=load%3D1628767716771%26core%3D1628767716846%26main%3D1628767716857%26ifr%3D1628767716881&cb=0&cdn=0&md=0&kw=&ab=-&dh=www.todayonline.com&dr=&du=https%3A%2F%2Fwww.todayonline.com%2Fsingapore%2F69-year-old-singaporean-man-dies-covid-19-complications-6th-such-death-august-death-toll&href=https%3A%2F%2Fwww.todayonline.com%2Fsingapore%2F69-year-old-singaporean-man-dies-covid-19-complications-6th-such-death-august-death-toll&dt=69-year-old%20Singaporean%20man%20dies%20of%20Covid-19%20complications%3B%206th%20such%20death%20in%20August%20as%20death%20toll%20hits%2043&dbg=0&cap=tc%3D0%26ab%3D0&inst=1&jsl=131073&prod=undefined&lng=en&ogt=type%3Darticle%2Cdescription%2Csite_name%2Ctitle%2Cheight%2Cwidth%2Cimage&pc=men&pub=ra-58dca8e1849ed839&ssl=1&sid=611505e44ae83d9a&srf=0.01&ver=300&xck=0&xtr=0&og=twitter%3DSINGAPORE%2520%25E2%2580%2594%2520A%252069-year-old%2520Singaporean%2520man%2520died%2520on%2520Wednesday%2520(Aug%252011)%2520from%2520complications%2520due%2520to%2520Covid-19.%26image%3Dhttps%253A%252F%252Fwww.todayonline.com%252Fsites%252Fdefault%252Ffiles%252Fstyles%252Fnew_app_article_detail%252Fpublic%252Fphotos%252F43_images%252F20210218_ttsh_ili_0.jpeg%253Fitok%253DKhN1MiXZ%26width%3D1300%26height%3D650%26title%3D69-year-old%2520Singaporean%2520man%2520dies%2520of%2520Covid-19%2520complications%253B%25206th%2520such%2520death%2520in%2520August%2520as%2520death%2520toll%2520hits%252043%26site_name%3DTODAYonline%26description%3DSINGAPORE%2520%25E2%2580%2594%2520A%252069-year-old%2520Singaporean%2520man%2520died%2520on%2520Wednesday%2520(Aug%252011)%2520from%2520complications%2520due%2520to%2520Covid-19.%26type%3Darticle&csi=undefined&rev=v8.28.8-wp&ct=1&xld=1&xd=1, line 41: TypeError: (intermediate value).search is not a function
JavaScript error: https://s7.addthis.com/static/sh.f48a1a04fe8dbf021b4cda1d.html#rand=0.28501832217791423&iit=1628767716872&tmr=load%3D1628767716771%26core%3D1628767716846%26main%3D1628767716857%26ifr%3D1628767716881&cb=0&cdn=0&md=0&kw=&ab=-&dh=www.todayonline.com&dr=&du=https%3A%2F%2Fwww.todayonline.com%2Fsingapore%2F69-year-old-singaporean-man-dies-covid-19-complications-6th-such-death-august-death-toll&href=https%3A%2F%2Fwww.todayonline.com%2Fsingapore%2F69-year-old-singaporean-man-dies-covid-19-complications-6th-such-death-august-death-toll&dt=69-year-old%20Singaporean%20man%20dies%20of%20Covid-19%20complications%3B%206th%20such%20death%20in%20August%20as%20death%20toll%20hits%2043&dbg=0&cap=tc%3D0%26ab%3D0&inst=1&jsl=131073&prod=undefined&lng=en&ogt=type%3Darticle%2Cdescription%2Csite_name%2Ctitle%2Cheight%2Cwidth%2Cimage&pc=men&pub=ra-58dca8e1849ed839&ssl=1&sid=611505e44ae83d9a&srf=0.01&ver=300&xck=0&xtr=0&og=twitter%3DSINGAPORE%2520%25E2%2580%2594%2520A%252069-year-old%2520Singaporean%2520man%2520died%2520on%2520Wednesday%2520(Aug%252011)%2520from%2520complications%2520due%2520to%2520Covid-19.%26image%3Dhttps%253A%252F%252Fwww.todayonline.com%252Fsites%252Fdefault%252Ffiles%252Fstyles%252Fnew_app_article_detail%252Fpublic%252Fphotos%252F43_images%252F20210218_ttsh_ili_0.jpeg%253Fitok%253DKhN1MiXZ%26width%3D1300%26height%3D650%26title%3D69-year-old%2520Singaporean%2520man%2520dies%2520of%2520Covid-19%2520complications%253B%25206th%2520such%2520death%2520in%2520August%2520as%2520death%2520toll%2520hits%252043%26site_name%3DTODAYonline%26description%3DSINGAPORE%2520%25E2%2580%2594%2520A%252069-year-old%2520Singaporean%2520man%2520died%2520on%2520Wednesday%2520(Aug%252011)%2520from%2520complications%2520due%2520to%2520Covid-19.%26type%3Darticle&csi=undefined&rev=v8.28.8-wp&ct=1&xld=1&xd=1, line 41: TypeError: (intermediate value).search is not a function
1628828776075	Marionette	INFO	Stopped listening on port 57813

###!!! [Child][RunMessage] Error: Channel closing: too late to send/recv, messages will be lost


###!!! [Child][MessageChannel::SendAndWait] Error: Channel error: cannot send/recv

Temp\\rust_mozprofileLTbG8w"
1628767765446	addons.webextension.doh-rollout@mozilla.org	WARN	Loading extension 'doh-rollout@mozilla.org': Reading manifest: Invalid extension permission: networkStatus
1628767766187	addons.webextension.screenshots@mozilla.org	WARN	Loading extension 'screenshots@mozilla.org': Reading manifest: Invalid extension permission: mozillaAddons
1628767766187	addons.webextension.screenshots@mozilla.org	WARN	Loading extension 'screenshots@mozilla.org': Reading manifest: Invalid extension permission: telemetry
1628767766187	addons.webextension.screenshots@mozilla.org	WARN	Loading extension 'screenshots@mozilla.org': Reading manifest: Invalid extension permission: resource://pdf.js/
1628767766187	addons.webextension.screenshots@mozilla.org	WARN	Loading extension 'screenshots@mozilla.org': Reading manifest: Invalid extension permission: about:reader*
JavaScript error: resource://gre/modules/XULStore.jsm, line 66: Error: Can't find profile directory.
1628767769481	Marionette	INFO	Listening on port 63919
1628767769688	Marionette	WARN	TLS certificate errors will be ignored for this session
JavaScript error: https://www.channelnewsasia.com/blueprint/cna/lib/ge-2020-min/js/chunk-vendors.js, line 1: SyntaxError: expected expression, got '<'
JavaScript error: https://www.channelnewsasia.com/blueprint/cna/lib/ge-2020-min/js/app.js, line 1: SyntaxError: expected expression, got '<'
JavaScript error: https://www.todayonline.com/singapore/69-year-old-singaporean-man-dies-covid-19-complications-6th-such-death-august-death-toll, line 88: TypeError: googletag.pubads is not a function
JavaScript warning: https://www.todayonline.com/_Incapsula_Resource?SWJIYLWA=719d34d31c8e3a6e6fffd425f7e032f3&ns=1&cb=104435180, line 1: unreachable code after return statement
JavaScript warning: https://www.todayonline.com/_Incapsula_Resource?SWJIYLWA=719d34d31c8e3a6e6fffd425f7e032f3&ns=1&cb=104435180, line 1: unreachable code after return statement
JavaScript warning: https://www.todayonline.com/_Incapsula_Resource?SWJIYLWA=719d34d31c8e3a6e6fffd425f7e032f3&ns=1&cb=104435180, line 1: unreachable code after return statement
JavaScript warning: https://www.todayonline.com/_Incapsula_Resource?SWJIYLWA=719d34d31c8e3a6e6fffd425f7e032f3&ns=1&cb=104435180 line 1 > eval, line 1: unreachable code after return statement
JavaScript warning: https://www.todayonline.com/_Incapsula_Resource?SWJIYLWA=719d34d31c8e3a6e6fffd425f7e032f3&ns=1&cb=104435180 line 1 > eval, line 1: unreachable code after return statement
JavaScript error: https://s7.addthis.com/static/sh.f48a1a04fe8dbf021b4cda1d.html#rand=0.09582514786148588&iit=1628767775533&tmr=load%3D1628767775444%26core%3D1628767775491%26main%3D1628767775504%26ifr%3D1628767775690&cb=0&cdn=0&md=0&kw=&ab=-&dh=www.todayonline.com&dr=&du=https%3A%2F%2Fwww.todayonline.com%2Fsingapore%2F69-year-old-singaporean-man-dies-covid-19-complications-6th-such-death-august-death-toll&href=https%3A%2F%2Fwww.todayonline.com%2Fsingapore%2F69-year-old-singaporean-man-dies-covid-19-complications-6th-such-death-august-death-toll&dt=69-year-old%20Singaporean%20man%20dies%20of%20Covid-19%20complications%3B%206th%20such%20death%20in%20August%20as%20death%20toll%20hits%2043&dbg=0&cap=tc%3D0%26ab%3D0&inst=1&jsl=131073&prod=undefined&lng=en&ogt=type%3Darticle%2Cdescription%2Csite_name%2Ctitle%2Cheight%2Cwidth%2Cimage&pc=men&pub=ra-58dca8e1849ed839&ssl=1&sid=6115061f68993a25&srf=0.01&ver=300&xck=0&xtr=0&og=twitter%3DSINGAPORE%2520%25E2%2580%2594%2520A%252069-year-old%2520Singaporean%2520man%2520died%2520on%2520Wednesday%2520(Aug%252011)%2520from%2520complications%2520due%2520to%2520Covid-19.%26image%3Dhttps%253A%252F%252Fwww.todayonline.com%252Fsites%252Fdefault%252Ffiles%252Fstyles%252Fnew_app_article_detail%252Fpublic%252Fphotos%252F43_images%252F20210218_ttsh_ili_0.jpeg%253Fitok%253DKhN1MiXZ%26width%3D1300%26height%3D650%26title%3D69-year-old%2520Singaporean%2520man%2520dies%2520of%2520Covid-19%2520complications%253B%25206th%2520such%2520death%2520in%2520August%2520as%2520death%2520toll%2520hits%252043%26site_name%3DTODAYonline%26description%3DSINGAPORE%2520%25E2%2580%2594%2520A%252069-year-old%2520Singaporean%2520man%2520died%2520on%2520Wednesday%2520(Aug%252011)%2520from%2520complications%2520due%2520to%2520Covid-19.%26type%3Darticle&csi=undefined&rev=v8.28.8-wp&ct=1&xld=1&xd=1, line 41: TypeError: (intermediate value).search is not a function
JavaScript error: https://s7.addthis.com/static/sh.f48a1a04fe8dbf021b4cda1d.html#rand=0.09582514786148588&iit=1628767775533&tmr=load%3D1628767775444%26core%3D1628767775491%26main%3D1628767775504%26ifr%3D1628767775690&cb=0&cdn=0&md=0&kw=&ab=-&dh=www.todayonline.com&dr=&du=https%3A%2F%2Fwww.todayonline.com%2Fsingapore%2F69-year-old-singaporean-man-dies-covid-19-complications-6th-such-death-august-death-toll&href=https%3A%2F%2Fwww.todayonline.com%2Fsingapore%2F69-year-old-singaporean-man-dies-covid-19-complications-6th-such-death-august-death-toll&dt=69-year-old%20Singaporean%20man%20dies%20of%20Covid-19%20complications%3B%206th%20such%20death%20in%20August%20as%20death%20toll%20hits%2043&dbg=0&cap=tc%3D0%26ab%3D0&inst=1&jsl=131073&prod=undefined&lng=en&ogt=type%3Darticle%2Cdescription%2Csite_name%2Ctitle%2Cheight%2Cwidth%2Cimage&pc=men&pub=ra-58dca8e1849ed839&ssl=1&sid=6115061f68993a25&srf=0.01&ver=300&xck=0&xtr=0&og=twitter%3DSINGAPORE%2520%25E2%2580%2594%2520A%252069-year-old%2520Singaporean%2520man%2520died%2520on%2520Wednesday%2520(Aug%252011)%2520from%2520complications%2520due%2520to%2520Covid-19.%26image%3Dhttps%253A%252F%252Fwww.todayonline.com%252Fsites%252Fdefault%252Ffiles%252Fstyles%252Fnew_app_article_detail%252Fpublic%252Fphotos%252F43_images%252F20210218_ttsh_ili_0.jpeg%253Fitok%253DKhN1MiXZ%26width%3D1300%26height%3D650%26title%3D69-year-old%2520Singaporean%2520man%2520dies%2520of%2520Covid-19%2520complications%253B%25206th%2520such%2520death%2520in%2520August%2520as%2520death%2520toll%2520hits%252043%26site_name%3DTODAYonline%26description%3DSINGAPORE%2520%25E2%2580%2594%2520A%252069-year-old%2520Singaporean%2520man%2520died%2520on%2520Wednesday%2520(Aug%252011)%2520from%2520complications%2520due%2520to%2520Covid-19.%26type%3Darticle&csi=undefined&rev=v8.28.8-wp&ct=1&xld=1&xd=1, line 41: TypeError: (intermediate value).search is not a function
[Parent 25588, Gecko_IOThread] WARNING: file /builds/worker/checkouts/gecko/ipc/chromium/src/base/process_util_win.cc, line 166
1628828775215	Marionette	INFO	Stopped listening on port 63919

###!!! [Child][RunMessage] Error: Channel closing: too late to send/recv, messages will be lost

6	addons.webextension.doh-rollout@mozilla.org	WARN	Loading extension 'doh-rollout@mozilla.org': Reading manifest: Invalid extension permission: networkStatus
1628768716490	addons.webextension.screenshots@mozilla.org	WARN	Loading extension 'screenshots@mozilla.org': Reading manifest: Invalid extension permission: mozillaAddons
1628768716490	addons.webextension.screenshots@mozilla.org	WARN	Loading extension 'screenshots@mozilla.org': Reading manifest: Invalid extension permission: telemetry
1628768716490	addons.webextension.screenshots@mozilla.org	WARN	Loading extension 'screenshots@mozilla.org': Reading manifest: Invalid extension permission: resource://pdf.js/
1628768716491	addons.webextension.screenshots@mozilla.org	WARN	Loading extension 'screenshots@mozilla.org': Reading manifest: Invalid extension permission: about:reader*
JavaScript error: resource://gre/modules/XULStore.jsm, line 66: Error: Can't find profile directory.
1628768719604	Marionette	INFO	Listening on port 62565
1628768720044	Marionette	WARN	TLS certificate errors will be ignored for this session
JavaScript error: https://www.channelnewsasia.com/blueprint/cna/lib/ge-2020-min/js/chunk-vendors.js, line 1: SyntaxError: expected expression, got '<'
JavaScript error: https://www.channelnewsasia.com/blueprint/cna/lib/ge-2020-min/js/app.js, line 1: SyntaxError: expected expression, got '<'
JavaScript error: https://www.todayonline.com/singapore/69-year-old-singaporean-man-dies-covid-19-complications-6th-such-death-august-death-toll, line 88: TypeError: googletag.pubads is not a function
JavaScript error: https://uid.mediacorp.sg/api/scripts/meid_seg.js?MeID=023bd336-f695-4d88-950e-6f78d128ea0d&meid_callback=SuccessMeIDSeg_callback_1628768721741, line 1: TypeError: window.SuccessMeIDSeg_callback_1628768721741 is not a function
JavaScript warning: https://www.todayonline.com/_Incapsula_Resource?SWJIYLWA=719d34d31c8e3a6e6fffd425f7e032f3&ns=1&cb=732271383, line 1: unreachable code after return statement
JavaScript warning: https://www.todayonline.com/_Incapsula_Resource?SWJIYLWA=719d34d31c8e3a6e6fffd425f7e032f3&ns=1&cb=732271383, line 1: unreachable code after return statement
JavaScript warning: https://www.todayonline.com/_Incapsula_Resource?SWJIYLWA=719d34d31c8e3a6e6fffd425f7e032f3&ns=1&cb=732271383, line 1: unreachable code after return statement
JavaScript warning: https://www.todayonline.com/_Incapsula_Resource?SWJIYLWA=719d34d31c8e3a6e6fffd425f7e032f3&ns=1&cb=732271383 line 1 > eval, line 1: unreachable code after return statement
JavaScript warning: https://www.todayonline.com/_Incapsula_Resource?SWJIYLWA=719d34d31c8e3a6e6fffd425f7e032f3&ns=1&cb=732271383 line 1 > eval, line 1: unreachable code after return statement
JavaScript error: https://s7.addthis.com/static/sh.f48a1a04fe8dbf021b4cda1d.html#rand=0.9772287446286868&iit=1628768723742&tmr=load%3D1628768723685%26core%3D1628768723728%26main%3D1628768723734%26ifr%3D1628768723749&cb=0&cdn=0&md=0&kw=&ab=-&dh=www.todayonline.com&dr=&du=https%3A%2F%2Fwww.todayonline.com%2Fsingapore%2F69-year-old-singaporean-man-dies-covid-19-complications-6th-such-death-august-death-toll&href=https%3A%2F%2Fwww.todayonline.com%2Fsingapore%2F69-year-old-singaporean-man-dies-covid-19-complications-6th-such-death-august-death-toll&dt=69-year-old%20Singaporean%20man%20dies%20of%20Covid-19%20complications%3B%206th%20such%20death%20in%20August%20as%20death%20toll%20hits%2043&dbg=0&cap=tc%3D0%26ab%3D0&inst=1&jsl=131073&prod=undefined&lng=en&ogt=type%3Darticle%2Cdescription%2Csite_name%2Ctitle%2Cheight%2Cwidth%2Cimage&pc=men&pub=ra-58dca8e1849ed839&ssl=1&sid=611509d312e39973&srf=0.01&ver=300&xck=0&xtr=0&og=twitter%3DSINGAPORE%2520%25E2%2580%2594%2520A%252069-year-old%2520Singaporean%2520man%2520died%2520on%2520Wednesday%2520(Aug%252011)%2520from%2520complications%2520due%2520to%2520Covid-19.%26image%3Dhttps%253A%252F%252Fwww.todayonline.com%252Fsites%252Fdefault%252Ffiles%252Fstyles%252Fnew_app_article_detail%252Fpublic%252Fphotos%252F43_images%252F20210218_ttsh_ili_0.jpeg%253Fitok%253DKhN1MiXZ%26width%3D1300%26height%3D650%26title%3D69-year-old%2520Singaporean%2520man%2520dies%2520of%2520Covid-19%2520complications%253B%25206th%2520such%2520death%2520in%2520August%2520as%2520death%2520toll%2520hits%252043%26site_name%3DTODAYonline%26description%3DSINGAPORE%2520%25E2%2580%2594%2520A%252069-year-old%2520Singaporean%2520man%2520died%2520on%2520Wednesday%2520(Aug%252011)%2520from%2520complications%2520due%2520to%2520Covid-19.%26type%3Darticle&csi=undefined&rev=v8.28.8-wp&ct=1&xld=1&xd=1, line 41: TypeError: (intermediate value).search is not a function
JavaScript error: https://s7.addthis.com/static/sh.f48a1a04fe8dbf021b4cda1d.html#rand=0.9772287446286868&iit=1628768723742&tmr=load%3D1628768723685%26core%3D1628768723728%26main%3D1628768723734%26ifr%3D1628768723749&cb=0&cdn=0&md=0&kw=&ab=-&dh=www.todayonline.com&dr=&du=https%3A%2F%2Fwww.todayonline.com%2Fsingapore%2F69-year-old-singaporean-man-dies-covid-19-complications-6th-such-death-august-death-toll&href=https%3A%2F%2Fwww.todayonline.com%2Fsingapore%2F69-year-old-singaporean-man-dies-covid-19-complications-6th-such-death-august-death-toll&dt=69-year-old%20Singaporean%20man%20dies%20of%20Covid-19%20complications%3B%206th%20such%20death%20in%20August%20as%20death%20toll%20hits%2043&dbg=0&cap=tc%3D0%26ab%3D0&inst=1&jsl=131073&prod=undefined&lng=en&ogt=type%3Darticle%2Cdescription%2Csite_name%2Ctitle%2Cheight%2Cwidth%2Cimage&pc=men&pub=ra-58dca8e1849ed839&ssl=1&sid=611509d312e39973&srf=0.01&ver=300&xck=0&xtr=0&og=twitter%3DSINGAPORE%2520%25E2%2580%2594%2520A%252069-year-old%2520Singaporean%2520man%2520died%2520on%2520Wednesday%2520(Aug%252011)%2520from%2520complications%2520due%2520to%2520Covid-19.%26image%3Dhttps%253A%252F%252Fwww.todayonline.com%252Fsites%252Fdefault%252Ffiles%252Fstyles%252Fnew_app_article_detail%252Fpublic%252Fphotos%252F43_images%252F20210218_ttsh_ili_0.jpeg%253Fitok%253DKhN1MiXZ%26width%3D1300%26height%3D650%26title%3D69-year-old%2520Singaporean%2520man%2520dies%2520of%2520Covid-19%2520complications%253B%25206th%2520such%2520death%2520in%2520August%2520as%2520death%2520toll%2520hits%252043%26site_name%3DTODAYonline%26description%3DSINGAPORE%2520%25E2%2580%2594%2520A%252069-year-old%2520Singaporean%2520man%2520died%2520on%2520Wednesday%2520(Aug%252011)%2520from%2520complications%2520due%2520to%2520Covid-19.%26type%3Darticle&csi=undefined&rev=v8.28.8-wp&ct=1&xld=1&xd=1, line 41: TypeError: (intermediate value).search is not a function
JavaScript error: , line 0: TypeError: NetworkError when attempting to fetch resource.
JavaScript error: , line 0: TypeError: NetworkError when attempting to fetch resource.
1628768764672	Marionette	INFO	Stopped listening on port 62565

###!!! [Child][RunMessage] Error: Channel closing: too late to send/recv, messages will be lost


###!!! [Child][MessageChannel::SendAndWait] Error: Channel error: cannot send/recv

1628768769321	geckodriver	INFO	Listening on 127.0.0.1:62243
1628768772400	mozrunner::runner	INFO	Running command: "C:\\Program Files\\Mozilla Firefox\\firefox.exe" "--marionette" "-foreground" "-no-remote" "-profile" "C:\\Users\\micha\\AppData\\Local\\Temp\\rust_mozprofilemHuj6I"
1628768772943	addons.webextension.doh-rollout@mozilla.org	WARN	Loading extension 'doh-rollout@mozilla.org': Reading manifest: Invalid extension permission: networkStatus
1628768773639	addons.webextension.screenshots@mozilla.org	WARN	Loading extension 'screenshots@mozilla.org': Reading manifest: Invalid extension permission: mozillaAddons
1628768773640	addons.webextension.screenshots@mozilla.org	WARN	Loading extension 'screenshots@mozilla.org': Reading manifest: Invalid extension permission: telemetry
1628768773640	addons.webextension.screenshots@mozilla.org	WARN	Loading extension 'screenshots@mozilla.org': Reading manifest: Invalid extension permission: resource://pdf.js/
1628768773640	addons.webextension.screenshots@mozilla.org	WARN	Loading extension 'screenshots@mozilla.org': Reading manifest: Invalid extension permission: about:reader*
JavaScript error: resource://gre/modules/XULStore.jsm, line 66: Error: Can't find profile directory.
1628768776674	Marionette	INFO	Listening on port 57079
1628768776702	Marionette	WARN	TLS certificate errors will be ignored for this session
JavaScript error: https://www.channelnewsasia.com/blueprint/cna/lib/ge-2020-min/js/chunk-vendors.js, line 1: SyntaxError: expected expression, got '<'
JavaScript error: https://www.channelnewsasia.com/blueprint/cna/lib/ge-2020-min/js/app.js, line 1: SyntaxError: expected expression, got '<'
JavaScript error: https://www.todayonline.com/singapore/69-year-old-singaporean-man-dies-covid-19-complications-6th-such-death-august-death-toll, line 88: TypeError: googletag.pubads is not a function
JavaScript warning: https://www.todayonline.com/_Incapsula_Resource?SWJIYLWA=719d34d31c8e3a6e6fffd425f7e032f3&ns=1&cb=732271383, line 1: unreachable code after return statement
JavaScript warning: https://www.todayonline.com/_Incapsula_Resource?SWJIYLWA=719d34d31c8e3a6e6fffd425f7e032f3&ns=1&cb=732271383, line 1: unreachable code after return statement
JavaScript warning: https://www.todayonline.com/_Incapsula_Resource?SWJIYLWA=719d34d31c8e3a6e6fffd425f7e032f3&ns=1&cb=732271383, line 1: unreachable code after return statement
JavaScript warning: https://www.todayonline.com/_Incapsula_Resource?SWJIYLWA=719d34d31c8e3a6e6fffd425f7e032f3&ns=1&cb=732271383 line 1 > eval, line 1: unreachable code after return statement
JavaScript warning: https://www.todayonline.com/_Incapsula_Resource?SWJIYLWA=719d34d31c8e3a6e6fffd425f7e032f3&ns=1&cb=732271383 line 1 > eval, line 1: unreachable code after return statement
JavaScript error: https://s7.addthis.com/static/sh.f48a1a04fe8dbf021b4cda1d.html#rand=0.5848167903109692&iit=1628768780526&tmr=load%3D1628768780469%26core%3D1628768780511%26main%3D1628768780519%26ifr%3D1628768780534&cb=0&cdn=0&md=0&kw=&ab=-&dh=www.todayonline.com&dr=&du=https%3A%2F%2Fwww.todayonline.com%2Fsingapore%2F69-year-old-singaporean-man-dies-covid-19-complications-6th-such-death-august-death-toll&href=https%3A%2F%2Fwww.todayonline.com%2Fsingapore%2F69-year-old-singaporean-man-dies-covid-19-complications-6th-such-death-august-death-toll&dt=69-year-old%20Singaporean%20man%20dies%20of%20Covid-19%20complications%3B%206th%20such%20death%20in%20August%20as%20death%20toll%20hits%2043&dbg=0&cap=tc%3D0%26ab%3D0&inst=1&jsl=131073&prod=undefined&lng=en&ogt=type%3Darticle%2Cdescription%2Csite_name%2Ctitle%2Cheight%2Cwidth%2Cimage&pc=men&pub=ra-58dca8e1849ed839&ssl=1&sid=61150a0c3a35023b&srf=0.01&ver=300&xck=0&xtr=0&og=twitter%3DSINGAPORE%2520%25E2%2580%2594%2520A%252069-year-old%2520Singaporean%2520man%2520died%2520on%2520Wednesday%2520(Aug%252011)%2520from%2520complications%2520due%2520to%2520Covid-19.%26image%3Dhttps%253A%252F%252Fwww.todayonline.com%252Fsites%252Fdefault%252Ffiles%252Fstyles%252Fnew_app_article_detail%252Fpublic%252Fphotos%252F43_images%252F20210218_ttsh_ili_0.jpeg%253Fitok%253DKhN1MiXZ%26width%3D1300%26height%3D650%26title%3D69-year-old%2520Singaporean%2520man%2520dies%2520of%2520Covid-19%2520complications%253B%25206th%2520such%2520death%2520in%2520August%2520as%2520death%2520toll%2520hits%252043%26site_name%3DTODAYonline%26description%3DSINGAPORE%2520%25E2%2580%2594%2520A%252069-year-old%2520Singaporean%2520man%2520died%2520on%2520Wednesday%2520(Aug%252011)%2520from%2520complications%2520due%2520to%2520Covid-19.%26type%3Darticle&csi=undefined&rev=v8.28.8-wp&ct=1&xld=1&xd=1, line 41: TypeError: (intermediate value).search is not a function
JavaScript error: https://s7.addthis.com/static/sh.f48a1a04fe8dbf021b4cda1d.html#rand=0.5848167903109692&iit=1628768780526&tmr=load%3D1628768780469%26core%3D1628768780511%26main%3D1628768780519%26ifr%3D1628768780534&cb=0&cdn=0&md=0&kw=&ab=-&dh=www.todayonline.com&dr=&du=https%3A%2F%2Fwww.todayonline.com%2Fsingapore%2F69-year-old-singaporean-man-dies-covid-19-complications-6th-such-death-august-death-toll&href=https%3A%2F%2Fwww.todayonline.com%2Fsingapore%2F69-year-old-singaporean-man-dies-covid-19-complications-6th-such-death-august-death-toll&dt=69-year-old%20Singaporean%20man%20dies%20of%20Covid-19%20complications%3B%206th%20such%20death%20in%20August%20as%20death%20toll%20hits%2043&dbg=0&cap=tc%3D0%26ab%3D0&inst=1&jsl=131073&prod=undefined&lng=en&ogt=type%3Darticle%2Cdescription%2Csite_name%2Ctitle%2Cheight%2Cwidth%2Cimage&pc=men&pub=ra-58dca8e1849ed839&ssl=1&sid=61150a0c3a35023b&srf=0.01&ver=300&xck=0&xtr=0&og=twitter%3DSINGAPORE%2520%25E2%2580%2594%2520A%252069-year-old%2520Singaporean%2520man%2520died%2520on%2520Wednesday%2520(Aug%252011)%2520from%2520complications%2520due%2520to%2520Covid-19.%26image%3Dhttps%253A%252F%252Fwww.todayonline.com%252Fsites%252Fdefault%252Ffiles%252Fstyles%252Fnew_app_article_detail%252Fpublic%252Fphotos%252F43_images%252F20210218_ttsh_ili_0.jpeg%253Fitok%253DKhN1MiXZ%26width%3D1300%26height%3D650%26title%3D69-year-old%2520Singaporean%2520man%2520dies%2520of%2520Covid-19%2520complications%253B%25206th%2520such%2520death%2520in%2520August%2520as%2520death%2520toll%2520hits%252043%26site_name%3DTODAYonline%26description%3DSINGAPORE%2520%25E2%2580%2594%2520A%252069-year-old%2520Singaporean%2520man%2520died%2520on%2520Wednesday%2520(Aug%252011)%2520from%2520complications%2520due%2520to%2520Covid-19.%26type%3Darticle&csi=undefined&rev=v8.28.8-wp&ct=1&xld=1&xd=1, line 41: TypeError: (intermediate value).search is not a function
1628768802269	Marionette	INFO	Stopped listening on port 57079
JavaScript error: , line 0: TypeError: NetworkError when attempting to fetch resource.
JavaScript error: , line 0: TypeError: NetworkError when attempting to fetch resource.

###!!! [Child][RunMessage] Error: Channel closing: too late to send/recv, messages will be lost


###!!! [Child][MessageChannel::SendAndWait] Error: Channel error: cannot send/recv

1628951403023	geckodriver	INFO	Listening on 127.0.0.1:53455
1628951406103	mozrunner::runner	INFO	Running command: "C:\\Program Files\\Mozilla Firefox\\firefox.exe" "--marionette" "-foreground" "-no-remote" "-profile" "C:\\Users\\micha\\AppData\\Local\\Temp\\rust_mozprofileCYs0Y2"
1628951406871	addons.webextension.doh-rollout@mozilla.org	WARN	Loading extension 'doh-rollout@mozilla.org': Reading manifest: Invalid extension permission: networkStatus
1628951407545	addons.webextension.screenshots@mozilla.org	WARN	Loading extension 'screenshots@mozilla.org': Reading manifest: Invalid extension permission: mozillaAddons
1628951407545	addons.webextension.screenshots@mozilla.org	WARN	Loading extension 'screenshots@mozilla.org': Reading manifest: Invalid extension permission: telemetry
1628951407546	addons.webextension.screenshots@mozilla.org	WARN	Loading extension 'screenshots@mozilla.org': Reading manifest: Invalid extension permission: resource://pdf.js/
1628951407546	addons.webextension.screenshots@mozilla.org	WARN	Loading extension 'screenshots@mozilla.org': Reading manifest: Invalid extension permission: about:reader*
JavaScript error: resource://gre/modules/XULStore.jsm, line 66: Error: Can't find profile directory.
1628951410487	Marionette	INFO	Listening on port 52558
1628951410970	Marionette	WARN	TLS certificate errors will be ignored for this session
JavaScript error: https://www.straitstimes.com/singapore/consumer/some-disgruntled-diners-fake-vaccination-certificates-in-first-week-of-dining-in, line 993: TypeError: cidd is undefined
JavaScript error: https://www.straitstimes.com/singapore/consumer/some-disgruntled-diners-fake-vaccination-certificates-in-first-week-of-dining-in, line 2117: TypeError: cidd is undefined
IPDL protocol error: Handler returned error code!

###!!! [Parent][DispatchAsyncMessage] Error: PImageBridge::Msg_Update Processing error: message was deserialized, but the handler returned false (indicating failure)

IPDL protocol error: Handler returned error code!

###!!! [Parent][DispatchAsyncMessage] Error: PImageBridge::Msg_Update Processing error: message was deserialized, but the handler returned false (indicating failure)

IPDL protocol error: Handler returned error code!

###!!! [Parent][DispatchAsyncMessage] Error: PImageBridge::Msg_Update Processing error: message was deserialized, but the handler returned false (indicating failure)

IPDL protocol error: Handler returned error code!

###!!! [Parent][DispatchAsyncMessage] Error: PImageBridge::Msg_Update Processing error: message was deserialized, but the handler returned false (indicating failure)

IPDL protocol error: Handler returned error code!

###!!! [Parent][DispatchAsyncMessage] Error: PImageBridge::Msg_Update Processing error: message was deserialized, but the handler returned false (indicating failure)

IPDL protocol error: Handler returned error code!

###!!! [Parent][DispatchAsyncMessage] Error: PImageBridge::Msg_Update Processing error: message was deserialized, but the handler returned false (indicating failure)

IPDL protocol error: Handler returned error code!JavaScript error: https://www.channelnewsasia.com/blueprint/cna/lib/ge-2020-min/js/chunk-vendors.js, line 1: SyntaxError: expected expression, got '<'
JavaScript error: https://www.channelnewsasia.com/blueprint/cna/lib/ge-2020-min/js/app.js, line 1: SyntaxError: expected expression, got '<'
JavaScript error: https://www.todayonline.com/singapore/69-year-old-singaporean-man-dies-covid-19-complications-6th-such-death-august-death-toll, line 88: TypeError: googletag.pubads is not a function
JavaScript warning: https://www.todayonline.com/_Incapsula_Resource?SWJIYLWA=719d34d31c8e3a6e6fffd425f7e032f3&ns=1&cb=691960642, line 1: unreachable code after return statement
JavaScript warning: https://www.todayonline.com/_Incapsula_Resource?SWJIYLWA=719d34d31c8e3a6e6fffd425f7e032f3&ns=1&cb=691960642, line 1: unreachable code after return statement
JavaScript warning: https://www.todayonline.com/_Incapsula_Resource?SWJIYLWA=719d34d31c8e3a6e6fffd425f7e032f3&ns=1&cb=691960642 line 1 > eval, line 1: unreachable code after return statement
JavaScript error: https://s7.addthis.com/static/sh.f48a1a04fe8dbf021b4cda1d.html#rand=0.7911874935411612&iit=1628951553324&tmr=load%3D1628951553272%26core%3D1628951553310%26main%3D1628951553317%26ifr%3D1628951553329&cb=0&cdn=0&md=0&kw=&ab=-&dh=www.todayonline.com&dr=&du=https%3A%2F%2Fwww.todayonline.com%2Fsingapore%2F69-year-old-singaporean-man-dies-covid-19-complications-6th-such-death-august-death-toll&href=https%3A%2F%2Fwww.todayonline.com%2Fsingapore%2F69-year-old-singaporean-man-dies-covid-19-complications-6th-such-death-august-death-toll&dt=69-year-old%20Singaporean%20man%20dies%20of%20Covid-19%20complications%3B%206th%20such%20death%20in%20August%20as%20death%20toll%20hits%2043&dbg=0&cap=tc%3D0%26ab%3D0&inst=1&jsl=131073&prod=undefined&lng=en&ogt=type%3Darticle%2Cdescription%2Csite_name%2Ctitle%2Cheight%2Cwidth%2Cimage&pc=men&pub=ra-58dca8e1849ed839&ssl=1&sid=6117d401acee3aa7&srf=0.01&ver=300&xck=0&xtr=0&og=twitter%3DSINGAPORE%2520%25E2%2580%2594%2520A%252069-year-old%2520Singaporean%2520man%2520died%2520on%2520Wednesday%2520(Aug%252011)%2520from%2520complications%2520due%2520to%2520Covid-19.%26image%3Dhttps%253A%252F%252Fwww.todayonline.com%252Fsites%252Fdefault%252Ffiles%252Fstyles%252Fnew_app_article_detail%252Fpublic%252Fphotos%252F43_images%252F20210218_ttsh_ili_0.jpeg%253Fitok%253DKhN1MiXZ%26width%3D1300%26height%3D650%26title%3D69-year-old%2520Singaporean%2520man%2520dies%2520of%2520Covid-19%2520complications%253B%25206th%2520such%2520death%2520in%2520August%2520as%2520death%2520toll%2520hits%252043%26site_name%3DTODAYonline%26description%3DSINGAPORE%2520%25E2%2580%2594%2520A%252069-year-old%2520Singaporean%2520man%2520died%2520on%2520Wednesday%2520(Aug%252011)%2520from%2520complications%2520due%2520to%2520Covid-19.%26type%3Darticle&csi=undefined&rev=v8.28.8-wp&ct=1&xld=1&xd=1, line 41: TypeError: (intermediate value).search is not a function
JavaScript error: https://s7.addthis.com/static/sh.f48a1a04fe8dbf021b4cda1d.html#rand=0.7911874935411612&iit=1628951553324&tmr=load%3D1628951553272%26core%3D1628951553310%26main%3D1628951553317%26ifr%3D1628951553329&cb=0&cdn=0&md=0&kw=&ab=-&dh=www.todayonline.com&dr=&du=https%3A%2F%2Fwww.todayonline.com%2Fsingapore%2F69-year-old-singaporean-man-dies-covid-19-complications-6th-such-death-august-death-toll&href=https%3A%2F%2Fwww.todayonline.com%2Fsingapore%2F69-year-old-singaporean-man-dies-covid-19-complications-6th-such-death-august-death-toll&dt=69-year-old%20Singaporean%20man%20dies%20of%20Covid-19%20complications%3B%206th%20such%20death%20in%20August%20as%20death%20toll%20hits%2043&dbg=0&cap=tc%3D0%26ab%3D0&inst=1&jsl=131073&prod=undefined&lng=en&ogt=type%3Darticle%2Cdescription%2Csite_name%2Ctitle%2Cheight%2Cwidth%2Cimage&pc=men&pub=ra-58dca8e1849ed839&ssl=1&sid=6117d401acee3aa7&srf=0.01&ver=300&xck=0&xtr=0&og=twitter%3DSINGAPORE%2520%25E2%2580%2594%2520A%252069-year-old%2520Singaporean%2520man%2520died%2520on%2520Wednesday%2520(Aug%252011)%2520from%2520complications%2520due%2520to%2520Covid-19.%26image%3Dhttps%253A%252F%252Fwww.todayonline.com%252Fsites%252Fdefault%252Ffiles%252Fstyles%252Fnew_app_article_detail%252Fpublic%252Fphotos%252F43_images%252F20210218_ttsh_ili_0.jpeg%253Fitok%253DKhN1MiXZ%26width%3D1300%26height%3D650%26title%3D69-year-old%2520Singaporean%2520man%2520dies%2520of%2520Covid-19%2520complications%253B%25206th%2520such%2520death%2520in%2520August%2520as%2520death%2520toll%2520hits%252043%26site_name%3DTODAYonline%26description%3DSINGAPORE%2520%25E2%2580%2594%2520A%252069-year-old%2520Singaporean%2520man%2520died%2520on%2520Wednesday%2520(Aug%252011)%2520from%2520complications%2520due%2520to%2520Covid-19.%26type%3Darticle&csi=undefined&rev=v8.28.8-wp&ct=1&xld=1&xd=1, line 41: TypeError: (intermediate value).search is not a function
JavaScript error: , line 0: TypeError: NetworkError when attempting to fetch resource.
JavaScript error: , line 0: TypeError: NetworkError when attempting to fetch resource.

###!!! [Child][RunMessage] Error: Channel closing: too late to send/recv, messages will be lost


###!!! [Child][RunMessage] Error: Channel closing: too late to send/recv, messages will be lost

1628951722902	Marionette	INFO	Stopped listening on port 62525

###!!! [Child][RunMessage] Error: Channel closing: too late to send/recv, messages will be lost


###!!! [Child][MessageChannel::SendAndWait] Error: Channel error: cannot send/recv

608299	addons.webextension.screenshots@mozilla.org	WARN	Loading extension 'screenshots@mozilla.org': Reading manifest: Invalid extension permission: telemetry
1628951608299	addons.webextension.screenshots@mozilla.org	WARN	Loading extension 'screenshots@mozilla.org': Reading manifest: Invalid extension permission: resource://pdf.js/
1628951608299	addons.webextension.screenshots@mozilla.org	WARN	Loading extension 'screenshots@mozilla.org': Reading manifest: Invalid extension permission: about:reader*
JavaScript error: resource://gre/modules/XULStore.jsm, line 66: Error: Can't find profile directory.
1628951610956	Marionette	INFO	Listening on port 56191
1628951611370	Marionette	WARN	TLS certificate errors will be ignored for this session
JavaScript error: https://www.channelnewsasia.com/blueprint/cna/lib/ge-2020-min/js/chunk-vendors.js, line 1: SyntaxError: expected expression, got '<'
JavaScript error: https://www.channelnewsasia.com/blueprint/cna/lib/ge-2020-min/js/app.js, line 1: SyntaxError: expected expression, got '<'
JavaScript error: https://www.todayonline.com/singapore/69-year-old-singaporean-man-dies-covid-19-complications-6th-such-death-august-death-toll, line 88: TypeError: googletag.pubads is not a function
JavaScript error: https://uid.mediacorp.sg/api/scripts/meid_seg.js?MeID=d5fcced6-7f78-4778-89f0-9ba79e7ba8eb&meid_callback=SuccessMeIDSeg_callback_1628951612924, line 1: TypeError: window.SuccessMeIDSeg_callback_1628951612924 is not a function
JavaScript warning: https://www.todayonline.com/_Incapsula_Resource?SWJIYLWA=719d34d31c8e3a6e6fffd425f7e032f3&ns=1&cb=691960642, line 1: unreachable code after return statement
JavaScript warning: https://www.todayonline.com/_Incapsula_Resource?SWJIYLWA=719d34d31c8e3a6e6fffd425f7e032f3&ns=1&cb=691960642, line 1: unreachable code after return statement
JavaScript warning: https://www.todayonline.com/_Incapsula_Resource?SWJIYLWA=719d34d31c8e3a6e6fffd425f7e032f3&ns=1&cb=691960642, line 1: unreachable code after return statement
JavaScript warning: https://www.todayonline.com/_Incapsula_Resource?SWJIYLWA=719d34d31c8e3a6e6fffd425f7e032f3&ns=1&cb=691960642 line 1 > eval, line 1: unreachable code after return statement
JavaScript warning: https://www.todayonline.com/_Incapsula_Resource?SWJIYLWA=719d34d31c8e3a6e6fffd425f7e032f3&ns=1&cb=691960642 line 1 > eval, line 1: unreachable code after return statement
JavaScript error: https://s7.addthis.com/static/sh.f48a1a04fe8dbf021b4cda1d.html#rand=0.6777174692090557&iit=1628951615199&tmr=load%3D1628951615051%26core%3D1628951615157%26main%3D1628951615170%26ifr%3D1628951615425&cb=0&cdn=0&md=0&kw=&ab=-&dh=www.todayonline.com&dr=&du=https%3A%2F%2Fwww.todayonline.com%2Fsingapore%2F69-year-old-singaporean-man-dies-covid-19-complications-6th-such-death-august-death-toll&href=https%3A%2F%2Fwww.todayonline.com%2Fsingapore%2F69-year-old-singaporean-man-dies-covid-19-complications-6th-such-death-august-death-toll&dt=69-year-old%20Singaporean%20man%20dies%20of%20Covid-19%20complications%3B%206th%20such%20death%20in%20August%20as%20death%20toll%20hits%2043&dbg=0&cap=tc%3D0%26ab%3D0&inst=1&jsl=131073&prod=undefined&lng=en&ogt=type%3Darticle%2Cdescription%2Csite_name%2Ctitle%2Cheight%2Cwidth%2Cimage&pc=men&pub=ra-58dca8e1849ed839&ssl=1&sid=6117d43fcd0d0a35&srf=0.01&ver=300&xck=0&xtr=0&og=twitter%3DSINGAPORE%2520%25E2%2580%2594%2520A%252069-year-old%2520Singaporean%2520man%2520died%2520on%2520Wednesday%2520(Aug%252011)%2520from%2520complications%2520due%2520to%2520Covid-19.%26image%3Dhttps%253A%252F%252Fwww.todayonline.com%252Fsites%252Fdefault%252Ffiles%252Fstyles%252Fnew_app_article_detail%252Fpublic%252Fphotos%252F43_images%252F20210218_ttsh_ili_0.jpeg%253Fitok%253DKhN1MiXZ%26width%3D1300%26height%3D650%26title%3D69-year-old%2520Singaporean%2520man%2520dies%2520of%2520Covid-19%2520complications%253B%25206th%2520such%2520death%2520in%2520August%2520as%2520death%2520toll%2520hits%252043%26site_name%3DTODAYonline%26description%3DSINGAPORE%2520%25E2%2580%2594%2520A%252069-year-old%2520Singaporean%2520man%2520died%2520on%2520Wednesday%2520(Aug%252011)%2520from%2520complications%2520due%2520to%2520Covid-19.%26type%3Darticle&csi=undefined&rev=v8.28.8-wp&ct=1&xld=1&xd=1, line 41: TypeError: (intermediate value).search is not a function
JavaScript error: https://s7.addthis.com/static/sh.f48a1a04fe8dbf021b4cda1d.html#rand=0.6777174692090557&iit=1628951615199&tmr=load%3D1628951615051%26core%3D1628951615157%26main%3D1628951615170%26ifr%3D1628951615425&cb=0&cdn=0&md=0&kw=&ab=-&dh=www.todayonline.com&dr=&du=https%3A%2F%2Fwww.todayonline.com%2Fsingapore%2F69-year-old-singaporean-man-dies-covid-19-complications-6th-such-death-august-death-toll&href=https%3A%2F%2Fwww.todayonline.com%2Fsingapore%2F69-year-old-singaporean-man-dies-covid-19-complications-6th-such-death-august-death-toll&dt=69-year-old%20Singaporean%20man%20dies%20of%20Covid-19%20complications%3B%206th%20such%20death%20in%20August%20as%20death%20toll%20hits%2043&dbg=0&cap=tc%3D0%26ab%3D0&inst=1&jsl=131073&prod=undefined&lng=en&ogt=type%3Darticle%2Cdescription%2Csite_name%2Ctitle%2Cheight%2Cwidth%2Cimage&pc=men&pub=ra-58dca8e1849ed839&ssl=1&sid=6117d43fcd0d0a35&srf=0.01&ver=300&xck=0&xtr=0&og=twitter%3DSINGAPORE%2520%25E2%2580%2594%2520A%252069-year-old%2520Singaporean%2520man%2520died%2520on%2520Wednesday%2520(Aug%252011)%2520from%2520complications%2520due%2520to%2520Covid-19.%26image%3Dhttps%253A%252F%252Fwww.todayonline.com%252Fsites%252Fdefault%252Ffiles%252Fstyles%252Fnew_app_article_detail%252Fpublic%252Fphotos%252F43_images%252F20210218_ttsh_ili_0.jpeg%253Fitok%253DKhN1MiXZ%26width%3D1300%26height%3D650%26title%3D69-year-old%2520Singaporean%2520man%2520dies%2520of%2520Covid-19%2520complications%253B%25206th%2520such%2520death%2520in%2520August%2520as%2520death%2520toll%2520hits%252043%26site_name%3DTODAYonline%26description%3DSINGAPORE%2520%25E2%2580%2594%2520A%252069-year-old%2520Singaporean%2520man%2520died%2520on%2520Wednesday%2520(Aug%252011)%2520from%2520complications%2520due%2520to%2520Covid-19.%26type%3Darticle&csi=undefined&rev=v8.28.8-wp&ct=1&xld=1&xd=1, line 41: TypeError: (intermediate value).search is not a function
1628951639182	Marionette	INFO	Stopped listening on port 56191
JavaScript error: , line 0: TypeError: NetworkError when attempting to fetch resource.
JavaScript error: , line 0: TypeError: NetworkError when attempting to fetch resource.

###!!! [Child][RunMessage] Error: Channel closing: too late to send/recv, messages will be lost


###!!! [Child][MessageChannel::SendAndWait] Error: Channel error: cannot send/recv

1628951925143	geckodriver	INFO	Listening on 127.0.0.1:51651
1628951928225	mozrunner::runner	INFO	Running command: "C:\\Program Files\\Mozilla Firefox\\firefox.exe" "--marionette" "-foreground" "-no-remote" "-profile" "C:\\Users\\micha\\AppData\\Local\\Temp\\rust_mozprofilekaqJHY"
1628951928720	addons.webextension.doh-rollout@mozilla.org	WARN	Loading extension 'doh-rollout@mozilla.org': Reading manifest: Invalid extension permission: networkStatus
1628951929422	addons.webextension.screenshots@mozilla.org	WARN	Loading extension 'screenshots@mozilla.org': Reading manifest: Invalid extension permission: mozillaAddons
1628951929422	addons.webextension.screenshots@mozilla.org	WARN	Loading extension 'screenshots@mozilla.org': Reading manifest: Invalid extension permission: telemetry
1628951929422	addons.webextension.screenshots@mozilla.org	WARN	Loading extension 'screenshots@mozilla.org': Reading manifest: Invalid extension permission: resource://pdf.js/
1628951929422	addons.webextension.screenshots@mozilla.org	WARN	Loading extension 'screenshots@mozilla.org': Reading manifest: Invalid extension permission: about:reader*
JavaScript error: resource://gre/modules/XULStore.jsm, line 66: Error: Can't find profile directory.
1628951932117	Marionette	INFO	Listening on port 60808
1628951936907	Marionette	INFO	Stopped listening on port 60808

###!!! [Child][RunMessage] Error: Channel closing: too late to send/recv, messages will be lost


###!!! [Child][MessageChannel::SendAndWait] Error: Channel error: cannot send/recv

1628953470707	geckodriver	INFO	Listening on 127.0.0.1:55135
1628953473807	mozrunner::runner	INFO	Running command: "C:\\Program Files\\Mozilla Firefox\\firefox.exe" "--marionette" "-foreground" "-no-remote" "-profile" "C:\\Users\\micha\\AppData\\Local\\Temp\\rust_mozprofile6QI1cV"
1628953474896	addons.webextension.doh-rollout@mozilla.org	WARN	Loading extension 'doh-rollout@mozilla.org': Reading manifest: Invalid extension permission: networkStatus
1628953476070	addons.webextension.screenshots@mozilla.org	WARN	Loading extension 'screenshots@mozilla.org': Reading manifest: Invalid extension permission: mozillaAddons
1628953476070	addons.webextension.screenshots@mozilla.org	WARN	Loading extension 'screenshots@mozilla.org': Reading manifest: Invalid extension permission: telemetry
1628953476071	addons.webextension.screenshots@mozilla.org	WARN	Loading extension 'screenshots@mozilla.org': Reading manifest: Invalid extension permission: resource://pdf.js/
1628953476071	addons.webextension.screenshots@mozilla.org	WARN	Loading extension 'screenshots@mozilla.org': Reading manifest: Invalid extension permission: about:reader*
JavaScript error: resource://gre/modules/XULStore.jsm, line 66: Error: Can't find profile directory.
1628953483445	Marionette	INFO	Listening on port 57752
1628953484162	Marionette	WARN	TLS certificate errors will be ignored for this session
JavaScript error: https://www.channelnewsasia.com/blueprint/cna/lib/ge-2020-min/js/chunk-vendors.js, line 1: SyntaxError: expected expression, got '<'
JavaScript error: https://www.channelnewsasia.com/blueprint/cna/lib/ge-2020-min/js/app.js, line 1: SyntaxError: expected expression, got '<'
JavaScript error: https://www.todayonline.com/singapore/69-year-old-singaporean-man-dies-covid-19-complications-6th-such-death-august-death-toll, line 88: TypeError: googletag.pubads is not a function
JavaScript warning: https://www.todayonline.com/_Incapsula_Resource?SWJIYLWA=719d34d31c8e3a6e6fffd425f7e032f3&ns=1&cb=123553271, line 1: unreachable code after return statement
JavaScript warning: https://www.todayonline.com/_Incapsula_Resource?SWJIYLWA=719d34d31c8e3a6e6fffd425f7e032f3&ns=1&cb=123553271, line 1: unreachable code after return statement
JavaScript warning: https://www.todayonline.com/_Incapsula_Resource?SWJIYLWA=719d34d31c8e3a6e6fffd425f7e032f3&ns=1&cb=123553271 line 1 > eval, line 1: unreachable code after return statement
JavaScript warning: https://www.todayonline.com/_Incapsula_Resource?SWJIYLWA=719d34d31c8e3a6e6fffd425f7e032f3&ns=1&cb=123553271 line 1 > eval, line 1: unreachable code after return statement
JavaScript error: https://s7.addthis.com/static/sh.f48a1a04fe8dbf021b4cda1d.html#rand=0.5484131114293082&iit=1628953492384&tmr=load%3D1628953492223%26core%3D1628953492344%26main%3D1628953492359%26ifr%3D1628953492413&cb=0&cdn=0&md=0&kw=&ab=-&dh=www.todayonline.com&dr=&du=https%3A%2F%2Fwww.todayonline.com%2Fsingapore%2F69-year-old-singaporean-man-dies-covid-19-complications-6th-such-death-august-death-toll&href=https%3A%2F%2Fwww.todayonline.com%2Fsingapore%2F69-year-old-singaporean-man-dies-covid-19-complications-6th-such-death-august-death-toll&dt=69-year-old%20Singaporean%20man%20dies%20of%20Covid-19%20complications%3B%206th%20such%20death%20in%20August%20as%20death%20toll%20hits%2043&dbg=0&cap=tc%3D0%26ab%3D0&inst=1&jsl=131073&prod=undefined&lng=en&ogt=type%3Darticle%2Cdescription%2Csite_name%2Ctitle%2Cheight%2Cwidth%2Cimage&pc=men&pub=ra-58dca8e1849ed839&ssl=1&sid=6117db94a5b2e683&srf=0.01&ver=300&xck=0&xtr=0&og=twitter%3DSINGAPORE%2520%25E2%2580%2594%2520A%252069-year-old%2520Singaporean%2520man%2520died%2520on%2520Wednesday%2520(Aug%252011)%2520from%2520complications%2520due%2520to%2520Covid-19.%26image%3Dhttps%253A%252F%252Fwww.todayonline.com%252Fsites%252Fdefault%252Ffiles%252Fstyles%252Fnew_app_article_detail%252Fpublic%252Fphotos%252F43_images%252F20210218_ttsh_ili_0.jpeg%253Fitok%253DKhN1MiXZ%26width%3D1300%26height%3D650%26title%3D69-year-old%2520Singaporean%2520man%2520dies%2520of%2520Covid-19%2520complications%253B%25206th%2520such%2520death%2520in%2520August%2520as%2520death%2520toll%2520hits%252043%26site_name%3DTODAYonline%26description%3DSINGAPORE%2520%25E2%2580%2594%2520A%252069-year-old%2520Singaporean%2520man%2520died%2520on%2520Wednesday%2520(Aug%252011)%2520from%2520complications%2520due%2520to%2520Covid-19.%26type%3Darticle&csi=undefined&rev=v8.28.8-wp&ct=1&xld=1&xd=1, line 41: TypeError: (intermediate value).search is not a function
JavaScript error: https://s7.addthis.com/static/sh.f48a1a04fe8dbf021b4cda1d.html#rand=0.5484131114293082&iit=1628953492384&tmr=load%3D1628953492223%26core%3D1628953492344%26main%3D1628953492359%26ifr%3D1628953492413&cb=0&cdn=0&md=0&kw=&ab=-&dh=www.todayonline.com&dr=&du=https%3A%2F%2Fwww.todayonline.com%2Fsingapore%2F69-year-old-singaporean-man-dies-covid-19-complications-6th-such-death-august-death-toll&href=https%3A%2F%2Fwww.todayonline.com%2Fsingapore%2F69-year-old-singaporean-man-dies-covid-19-complications-6th-such-death-august-death-toll&dt=69-year-old%20Singaporean%20man%20dies%20of%20Covid-19%20complications%3B%206th%20such%20death%20in%20August%20as%20death%20toll%20hits%2043&dbg=0&cap=tc%3D0%26ab%3D0&inst=1&jsl=131073&prod=undefined&lng=en&ogt=type%3Darticle%2Cdescription%2Csite_name%2Ctitle%2Cheight%2Cwidth%2Cimage&pc=men&pub=ra-58dca8e1849ed839&ssl=1&sid=6117db94a5b2e683&srf=0.01&ver=300&xck=0&xtr=0&og=twitter%3DSINGAPORE%2520%25E2%2580%2594%2520A%252069-year-old%2520Singaporean%2520man%2520died%2520on%2520Wednesday%2520(Aug%252011)%2520from%2520complications%2520due%2520to%2520Covid-19.%26image%3Dhttps%253A%252F%252Fwww.todayonline.com%252Fsites%252Fdefault%252Ffiles%252Fstyles%252Fnew_app_article_detail%252Fpublic%252Fphotos%252F43_images%252F20210218_ttsh_ili_0.jpeg%253Fitok%253DKhN1MiXZ%26width%3D1300%26height%3D650%26title%3D69-year-old%2520Singaporean%2520man%2520dies%2520of%2520Covid-19%2520complications%253B%25206th%2520such%2520death%2520in%2520August%2520as%2520death%2520toll%2520hits%252043%26site_name%3DTODAYonline%26description%3DSINGAPORE%2520%25E2%2580%2594%2520A%252069-year-old%2520Singaporean%2520man%2520died%2520on%2520Wednesday%2520(Aug%252011)%2520from%2520complications%2520due%2520to%2520Covid-19.%26type%3Darticle&csi=undefined&rev=v8.28.8-wp&ct=1&xld=1&xd=1, line 41: TypeError: (intermediate value).search is not a function
1628953515112	Marionette	INFO	Stopped listening on port 57752
JavaScript error: , line 0: TypeError: NetworkError when attempting to fetch resource.
JavaScript error: , line 0: TypeError: NetworkError when attempting to fetch resource.

###!!! [Child][MessageChannel::SendAndWait] Error: Channel error: cannot send/recv

