1628860845873	geckodriver	INFO	Listening on 127.0.0.1:51689
1628860848952	mozrunner::runner	INFO	Running command: "C:\\Program Files\\Mozilla Firefox\\firefox.exe" "--marionette" "-foreground" "-no-remote" "-profile" "C:\\Users\\micha\\AppData\\Local\\Temp\\rust_mozprofileIkal8Z"
1628860849865	addons.webextension.doh-rollout@mozilla.org	WARN	Loading extension 'doh-rollout@mozilla.org': Reading manifest: Invalid extension permission: networkStatus
1628860850516	addons.webextension.screenshots@mozilla.org	WARN	Loading extension 'screenshots@mozilla.org': Reading manifest: Invalid extension permission: mozillaAddons
1628860850516	addons.webextension.screenshots@mozilla.org	WARN	Loading extension 'screenshots@mozilla.org': Reading manifest: Invalid extension permission: telemetry
1628860850516	addons.webextension.screenshots@mozilla.org	WARN	Loading extension 'screenshots@mozilla.org': Reading manifest: Invalid extension permission: resource://pdf.js/
1628860850516	addons.webextension.screenshots@mozilla.org	WARN	Loading extension 'screenshots@mozilla.org': Reading manifest: Invalid extension permission: about:reader*
JavaScript error: resource://gre/modules/XULStore.jsm, line 66: Error: Can't find profile directory.
1628860853523	Marionette	INFO	Listening on port 51705
1628860853764	Marionette	WARN	TLS certificate errors will be ignored for this session
JavaScript error: https://www.channelnewsasia.com/blueprint/cna/lib/ge-2020-min/js/chunk-vendors.js, line 1: SyntaxError: expected expression, got '<'
JavaScript error: https://www.channelnewsasia.com/blueprint/cna/lib/ge-2020-min/js/app.js, line 1: SyntaxError: expected expression, got '<'
JavaScript error: https://www.todayonline.com/singapore/some-unvaccinated-people-not-moved-pressure-new-covid-19-rules-those-allergic-hope, line 85: TypeError: googletag.pubads is not a function
JavaScript warning: https://www.todayonline.com/_Incapsula_Resource?SWJIYLWA=719d34d31c8e3a6e6fffd425f7e032f3&ns=1&cb=1239440600, line 1: unreachable code after return statement
JavaScript warning: https://www.todayonline.com/_Incapsula_Resource?SWJIYLWA=719d34d31c8e3a6e6fffd425f7e032f3&ns=1&cb=1239440600, line 1: unreachable code after return statement
JavaScript warning: https://www.todayonline.com/_Incapsula_Resource?SWJIYLWA=719d34d31c8e3a6e6fffd425f7e032f3&ns=1&cb=1239440600, line 1: unreachable code after return statement
JavaScript warning: https://www.todayonline.com/_Incapsula_Resource?SWJIYLWA=719d34d31c8e3a6e6fffd425f7e032f3&ns=1&cb=1239440600 line 1 > eval, line 1: unreachable code after return statement
JavaScript warning: https://www.todayonline.com/_Incapsula_Resource?SWJIYLWA=719d34d31c8e3a6e6fffd425f7e032f3&ns=1&cb=1239440600 line 1 > eval, line 1: unreachable code after return statement
JavaScript error: https://s7.addthis.com/static/sh.f48a1a04fe8dbf021b4cda1d.html#rand=0.8882387533278034&iit=1628860858642&tmr=load%3D1628860858589%26core%3D1628860858629%26main%3D1628860858635%26ifr%3D1628860858650&cb=0&cdn=0&md=0&kw=&ab=-&dh=www.todayonline.com&dr=&du=https%3A%2F%2Fwww.todayonline.com%2Fsingapore%2Fsome-unvaccinated-people-not-moved-pressure-new-covid-19-rules-those-allergic-hope&href=https%3A%2F%2Fwww.todayonline.com%2Fsingapore%2Fsome-unvaccinated-people-not-moved-pressure-new-covid-19-rules-those-allergic-hope&dt=Some%20unvaccinated%20people%20not%20moved%20by%20%E2%80%98pressure%E2%80%99%20of%20new%20Covid-19%20rules%3B%20those%20allergic%20hope%20for%20exceptions&dbg=0&cap=tc%3D0%26ab%3D0&inst=1&jsl=131073&prod=undefined&lng=en&ogt=type%3Darticle%2Cdescription%2Csite_name%2Ctitle%2Cheight%2Cwidth%2Cimage&pc=men&pub=ra-58dca8e1849ed839&ssl=1&sid=611671ba6498d176&srf=0.01&ver=300&xck=0&xtr=0&og=twitter%3DSINGAPORE%2520%25E2%2580%2594%2520Some%2520people%2520who%2520have%2520chosen%2520not%2520to%2520be%2520vaccinated%2520against%2520Covid-19%2520are%2520not%2520rushing%2520to%2520get%2520themselves%2520immunised%2520even%2520though%2520new%2520regulations%2520are%2520limiting%2520their%2520social%2520activities%252C%2520saying%2520they%2520are%2520still%2520on%2520the%2520fence%2520about%2520it.%26image%3Dhttps%253A%252F%252Fwww.todayonline.com%252Fsites%252Fdefault%252Ffiles%252Fstyles%252Fnew_app_article_detail%252Fpublic%252Fphotos%252F43_images%252F20210810_nlx_aug_10_dining_in-2.jpg%253Fitok%253DfupRhtuC%26width%3D1300%26height%3D650%26title%3DSome%2520unvaccinated%2520people%2520not%2520moved%2520by%2520%25E2%2580%2598pressure%25E2%2580%2599%2520of%2520new%2520Covid-19%2520rules%253B%2520those%2520allergic%2520hope%2520for%2520exceptions%26site_name%3DTODAYonline%26description%3DSINGAPORE%2520%25E2%2580%2594%2520Some%2520people%2520who%2520have%2520chosen%2520not%2520to%2520be%2520vaccinated%2520against%2520Covid-19%2520are%2520not%2520rushing%2520to%2520get%2520themselves%2520immunised%2520even%2520though%2520new%2520regulations%2520are%2520limiting%2520their%2520social%2520activities%252C%2520saying%2520they%2520are%2520still%2520on%2520the%2520fence%2520about%2520it.%26type%3Darticle&csi=undefined&rev=v8.28.8-wp&ct=1&xld=1&xd=1, line 41: TypeError: (intermediate value).search is not a function
JavaScript error: https://s7.addthis.com/static/sh.f48a1a04fe8dbf021b4cda1d.html#rand=0.8882387533278034&iit=1628860858642&tmr=load%3D1628860858589%26core%3D1628860858629%26main%3D1628860858635%26ifr%3D1628860858650&cb=0&cdn=0&md=0&kw=&ab=-&dh=www.todayonline.com&dr=&du=https%3A%2F%2Fwww.todayonline.com%2Fsingapore%2Fsome-unvaccinated-people-not-moved-pressure-new-covid-19-rules-those-allergic-hope&href=https%3A%2F%2Fwww.todayonline.com%2Fsingapore%2Fsome-unvaccinated-people-not-moved-pressure-new-covid-19-rules-those-allergic-hope&dt=Some%20unvaccinated%20people%20not%20moved%20by%20%E2%80%98pressure%E2%80%99%20of%20new%20Covid-19%20rules%3B%20those%20allergic%20hope%20for%20exceptions&dbg=0&cap=tc%3D0%26ab%3D0&inst=1&jsl=131073&prod=undefined&lng=en&ogt=type%3Darticle%2Cdescription%2Csite_name%2Ctitle%2Cheight%2Cwidth%2Cimage&pc=men&pub=ra-58dca8e1849ed839&ssl=1&sid=611671ba6498d176&srf=0.01&ver=300&xck=0&xtr=0&og=twitter%3DSINGAPORE%2520%25E2%2580%2594%2520Some%2520people%2520who%2520have%2520chosen%2520not%2520to%2520be%2520vaccinated%2520against%2520Covid-19%2520are%2520not%2520rushing%2520to%2520get%2520themselves%2520immunised%2520even%2520though%2520new%2520regulations%2520are%2520limiting%2520their%2520social%2520activities%252C%2520saying%2520they%2520are%2520still%2520on%2520the%2520fence%2520about%2520it.%26image%3Dhttps%253A%252F%252Fwww.todayonline.com%252Fsites%252Fdefault%252Ffiles%252Fstyles%252Fnew_app_article_detail%252Fpublic%252Fphotos%252F43_images%252F20210810_nlx_aug_10_dining_in-2.jpg%253Fitok%253DfupRhtuC%26width%3D1300%26height%3D650%26title%3DSome%2520unvaccinated%2520people%2520not%2520moved%2520by%2520%25E2%2580%2598pressure%25E2%2580%2599%2520of%2520new%2520Covid-19%2520rules%253B%2520those%2520allergic%2520hope%2520for%2520exceptions%26site_name%3DTODAYonline%26description%3DSINGAPORE%2520%25E2%2580%2594%2520Some%2520people%2520who%2520have%2520chosen%2520not%2520to%2520be%2520vaccinated%2520against%2520Covid-19%2520are%2520not%2520rushing%2520to%2520get%2520themselves%2520immunised%2520even%2520though%2520new%2520regulations%2520are%2520limiting%2520their%2520social%2520activities%252C%2520saying%2520they%2520are%2520still%2520on%2520the%2520fence%2520about%2520it.%26type%3Darticle&csi=undefined&rev=v8.28.8-wp&ct=1&xld=1&xd=1, line 41: TypeError: (intermediate value).search is not a function
JavaScript error: https://www.todayonline.com/sites/all/themes/weekend/templates/static/js/2.7a48a80a0c16da9664a2.js, line 5: TypeError: t.$store is undefined
JavaScript error: https://www.todayonline.com/sites/all/themes/weekend/templates/static/js/2.7a48a80a0c16da9664a2.js, line 5: TypeError: t.$store is undefined
JavaScript error: https://www.todayonline.com/sites/all/themes/weekend/templates/static/js/2.7a48a80a0c16da9664a2.js, line 5: TypeError: t.$store is undefined
JavaScript error: https://www.todayonline.com/sites/all/themes/weekend/templates/static/js/2.7a48a80a0c16da9664a2.js, line 5: TypeError: t.$store is undefined
JavaScript error: https://www.todayonline.com/sites/all/themes/weekend/templates/static/js/2.7a48a80a0c16da9664a2.js, line 5: TypeError: t.$store is undefined
JavaScript error: https://www.todayonline.com/sites/all/themes/weekend/templates/static/js/2.7a48a80a0c16da9664a2.js, line 5: TypeError: t.$store is undefined
JavaScript error: https://www.todayonline.com/sites/all/themes/weekend/templates/static/js/2.7a48a80a0c16da9664a2.js, line 5: TypeError: t.$store is undefined
JavaScript error: https://www.todayonline.com/sites/all/themes/weekend/templates/static/js/2.7a48a80a0c16da9664a2.js, line 5: TypeError: t.$store is undefined
JavaScript error: https://www.todayonline.com/sites/all/themes/weekend/templates/static/js/2.7a48a80a0c16da9664a2.js, line 5: TypeError: t.$store is undefined
JavaScript error: https://www.todayonline.com/sites/all/themes/weekend/templates/static/js/2.7a48a80a0c16da9664a2.js, line 5: TypeError: t.$store is undefined
JavaScript error: https://www.todayonline.com/sites/all/themes/weekend/templates/static/js/2.7a48a80a0c16da9664a2.js, line 5: TypeError: t.$store is undefined
1628860870518	Marionette	INFO	Stopped listening on port 51705
JavaScript error: , line 0: TypeError: NetworkError when attempting to fetch resource.

###!!! [Child][MessageChannel::SendAndWait] Error: Channel error: cannot send/recv

1628860873403	geckodriver	INFO	Listening on 127.0.0.1:51942
1628860876438	mozrunner::runner	INFO	Running command: "C:\\Program Files\\Mozilla Firefox\\firefox.exe" "--marionette" "-foreground" "-no-remote" "-profile" "C:\\Users\\micha\\AppData\\Local\\Temp\\rust_mozprofileNyiHHQ"
1628860876945	addons.webextension.doh-rollout@mozilla.org	WARN	Loading extension 'doh-rollout@mozilla.org': Reading manifest: Invalid extension permission: networkStatus
1628860877564	addons.webextension.screenshots@mozilla.org	WARN	Loading extension 'screenshots@mozilla.org': Reading manifest: Invalid extension permission: mozillaAddons
1628860877564	addons.webextension.screenshots@mozilla.org	WARN	Loading extension 'screenshots@mozilla.org': Reading manifest: Invalid extension permission: telemetry
1628860877564	addons.webextension.screenshots@mozilla.org	WARN	Loading extension 'screenshots@mozilla.org': Reading manifest: Invalid extension permission: resource://pdf.js/
1628860877564	addons.webextension.screenshots@mozilla.org	WARN	Loading extension 'screenshots@mozilla.org': Reading manifest: Invalid extension permission: about:reader*
JavaScript error: resource://gre/modules/XULStore.jsm, line 66: Error: Can't find profile directory.
1628860880391	Marionette	INFO	Listening on port 51960
1628860880628	Marionette	WARN	TLS certificate errors will be ignored for this session
JavaScript error: https://www.channelnewsasia.com/blueprint/cna/lib/ge-2020-min/js/chunk-vendors.js, line 1: SyntaxError: expected expression, got '<'
JavaScript error: https://www.channelnewsasia.com/blueprint/cna/lib/ge-2020-min/js/app.js, line 1: SyntaxError: expected expression, got '<'
JavaScript error: https://www.todayonline.com/singapore/covid-19-singapore-aug-11-2021, line 85: TypeError: googletag.pubads is not a function
JavaScript warning: https://www.todayonline.com/_Incapsula_Resource?SWJIYLWA=719d34d31c8e3a6e6fffd425f7e032f3&ns=1&cb=2110416760, line 1: unreachable code after return statement
JavaScript warning: https://www.todayonline.com/_Incapsula_Resource?SWJIYLWA=719d34d31c8e3a6e6fffd425f7e032f3&ns=1&cb=2110416760, line 1: unreachable code after return statement
JavaScript warning: https://www.todayonline.com/_Incapsula_Resource?SWJIYLWA=719d34d31c8e3a6e6fffd425f7e032f3&ns=1&cb=2110416760, line 1: unreachable code after return statement
JavaScript warning: https://www.todayonline.com/_Incapsula_Resource?SWJIYLWA=719d34d31c8e3a6e6fffd425f7e032f3&ns=1&cb=2110416760 line 1 > eval, line 1: unreachable code after return statement
JavaScript warning: https://www.todayonline.com/_Incapsula_Resource?SWJIYLWA=719d34d31c8e3a6e6fffd425f7e032f3&ns=1&cb=2110416760 line 1 > eval, line 1: unreachable code after return statement
JavaScript error: https://s7.addthis.com/static/sh.f48a1a04fe8dbf021b4cda1d.html#rand=0.17158308703324376&iit=1628860883899&tmr=load%3D1628860883845%26core%3D1628860883886%26main%3D1628860883893%26ifr%3D1628860883908&cb=0&cdn=0&md=0&kw=&ab=-&dh=www.todayonline.com&dr=&du=https%3A%2F%2Fwww.todayonline.com%2Fsingapore%2Fcovid-19-singapore-aug-11-2021&href=https%3A%2F%2Fwww.todayonline.com%2Fsingapore%2Fcovid-19-singapore-aug-11-2021&dt=Covid-19%3A%203%20new%20clusters%20detected%3B%20dip%20in%20number%20of%20patients%20in%20ICU&dbg=0&cap=tc%3D0%26ab%3D0&inst=1&jsl=131073&prod=undefined&lng=en&ogt=type%3Darticle%2Cdescription%2Csite_name%2Ctitle%2Cheight%2Cwidth%2Cimage&pc=men&pub=ra-58dca8e1849ed839&ssl=1&sid=611671d37bb04081&srf=0.01&ver=300&xck=0&xtr=0&og=twitter%3DSINGAPORE%2520%25E2%2580%2594%2520Singapore%2520on%2520Wednesday%2520(Aug%252011)%2520reported%2520three%2520new%2520clusters%2520of%2520Covid-19%2520infections%2520%25E2%2580%2594%2520one%2520of%2520which%2520is%2520linked%2520to%2520a%2520pre-school%2520%25E2%2580%2594%2520as%2520well%2520as%2520a%2520drop%2520in%2520the%2520number%2520of%2520patients%2520in%2520the%2520intensive%2520care%2520units%2520from%2520the%2520day%2520before.%26image%3Dhttps%253A%252F%252Fwww.todayonline.com%252Fsites%252Fdefault%252Ffiles%252Fstyles%252Fnew_app_article_detail%252Fpublic%252Fphotos%252F43_images%252Ftdymoh0811b.jpg%253Fitok%253DnuysPb1_%26width%3D1300%26height%3D650%26title%3DCovid-19%253A%25203%2520new%2520clusters%2520detected%253B%2520dip%2520in%2520number%2520of%2520patients%2520in%2520ICU%26site_name%3DTODAYonline%26description%3DSINGAPORE%2520%25E2%2580%2594%2520Singapore%2520on%2520Wednesday%2520(Aug%252011)%2520reported%2520three%2520new%2520clusters%2520of%2520Covid-19%2520infections%2520%25E2%2580%2594%2520one%2520of%2520which%2520is%2520linked%2520to%2520a%2520pre-school%2520%25E2%2580%2594%2520as%2520well%2520as%2520a%2520drop%2520in%2520the%2520number%2520of%2520patients%2520in%2520the%2520intensive%2520care%2520units%2520from%2520the%2520day%2520before.%26type%3Darticle&csi=undefined&rev=v8.28.8-wp&ct=1&xld=1&xd=1, line 41: TypeError: (intermediate value).search is not a function
JavaScript error: https://s7.addthis.com/static/sh.f48a1a04fe8dbf021b4cda1d.html#rand=0.17158308703324376&iit=1628860883899&tmr=load%3D1628860883845%26core%3D1628860883886%26main%3D1628860883893%26ifr%3D1628860883908&cb=0&cdn=0&md=0&kw=&ab=-&dh=www.todayonline.com&dr=&du=https%3A%2F%2Fwww.todayonline.com%2Fsingapore%2Fcovid-19-singapore-aug-11-2021&href=https%3A%2F%2Fwww.todayonline.com%2Fsingapore%2Fcovid-19-singapore-aug-11-2021&dt=Covid-19%3A%203%20new%20clusters%20detected%3B%20dip%20in%20number%20of%20patients%20in%20ICU&dbg=0&cap=tc%3D0%26ab%3D0&inst=1&jsl=131073&prod=undefined&lng=en&ogt=type%3Darticle%2Cdescription%2Csite_name%2Ctitle%2Cheight%2Cwidth%2Cimage&pc=men&pub=ra-58dca8e1849ed839&ssl=1&sid=611671d37bb04081&srf=0.01&ver=300&xck=0&xtr=0&og=twitter%3DSINGAPORE%2520%25E2%2580%2594%2520Singapore%2520on%2520Wednesday%2520(Aug%252011)%2520reported%2520three%2520new%2520clusters%2520of%2520Covid-19%2520infections%2520%25E2%2580%2594%2520one%2520of%2520which%2520is%2520linked%2520to%2520a%2520pre-school%2520%25E2%2580%2594%2520as%2520well%2520as%2520a%2520drop%2520in%2520the%2520number%2520of%2520patients%2520in%2520the%2520intensive%2520care%2520units%2520from%2520the%2520day%2520before.%26image%3Dhttps%253A%252F%252Fwww.todayonline.com%252Fsites%252Fdefault%252Ffiles%252Fstyles%252Fnew_app_article_detail%252Fpublic%252Fphotos%252F43_images%252Ftdymoh0811b.jpg%253Fitok%253DnuysPb1_%26width%3D1300%26height%3D650%26title%3DCovid-19%253A%25203%2520new%2520clusters%2520detected%253B%2520dip%2520in%2520number%2520of%2520patients%2520in%2520ICU%26site_name%3DTODAYonline%26description%3DSINGAPORE%2520%25E2%2580%2594%2520Singapore%2520on%2520Wednesday%2520(Aug%252011)%2520reported%2520three%2520new%2520clusters%2520of%2520Covid-19%2520infections%2520%25E2%2580%2594%2520one%2520of%2520which%2520is%2520linked%2520to%2520a%2520pre-school%2520%25E2%2580%2594%2520as%2520well%2520as%2520a%2520drop%2520in%2520the%2520number%2520of%2520patients%2520in%2520the%2520intensive%2520care%2520units%2520from%2520the%2520day%2520before.%26type%3Darticle&csi=undefined&rev=v8.28.8-wp&ct=1&xld=1&xd=1, line 41: TypeError: (intermediate value).search is not a function
JavaScript error: https://www.todayonline.com/sites/all/themes/weekend/templates/static/js/2.7a48a80a0c16da9664a2.js, line 5: TypeError: t.$store is undefined
JavaScript error: https://www.todayonline.com/sites/all/themes/weekend/templates/static/js/2.7a48a80a0c16da9664a2.js, line 5: TypeError: t.$store is undefined
JavaScript error: https://www.todayonline.com/sites/all/themes/weekend/templates/static/js/2.7a48a80a0c16da9664a2.js, line 5: TypeError: t.$store is undefined
JavaScript error: https://www.todayonline.com/sites/all/themes/weekend/templates/static/js/2.7a48a80a0c16da9664a2.js, line 5: TypeError: t.$store is undefined
JavaScript error: https://www.todayonline.com/sites/all/themes/weekend/templates/static/js/2.7a48a80a0c16da9664a2.js, line 5: TypeError: t.$store is undefined
JavaScript error: https://www.todayonline.com/sites/all/themes/weekend/templates/static/js/2.7a48a80a0c16da9664a2.js, line 5: TypeError: t.$store is undefined
JavaScript error: https://www.todayonline.com/sites/all/themes/weekend/templates/static/js/2.7a48a80a0c16da9664a2.js, line 5: TypeError: t.$store is undefined
JavaScript error: https://www.todayonline.com/sites/all/themes/weekend/templates/static/js/2.7a48a80a0c16da9664a2.js, line 5: TypeError: t.$store is undefined
JavaScript error: https://www.todayonline.com/sites/all/themes/weekend/templates/static/js/2.7a48a80a0c16da9664a2.js, line 5: TypeError: t.$store is undefined
JavaScript error: https://www.todayonline.com/sites/all/themes/weekend/templates/static/js/2.7a48a80a0c16da9664a2.js, line 5: TypeError: t.$store is undefined
JavaScript error: https://www.todayonline.com/sites/all/themes/weekend/templates/static/js/2.7a48a80a0c16da9664a2.js, line 5: TypeError: t.$store is undefined
JavaScript error: https://www.todayonline.com/sites/all/themes/weekend/templates/static/js/2.7a48a80a0c16da9664a2.js, line 5: TypeError: t.$store is undefined
1628860896302	Marionette	INFO	Stopped listening on port 51960
JavaScript error: , line 0: TypeError: NetworkError when attempting to fetch resource.
JavaScript error: , line 0: TypeError: NetworkError when attempting to fetch resource.

###!!! [Child][RunMessage] Error: Channel closing: too late to send/recv, messages will be lost


###!!! [Child][MessageChannel::SendAndWait] Error: Channel error: cannot send/recv

1628860899474	geckodriver	INFO	Listening on 127.0.0.1:52179
1628860902530	mozrunner::runner	INFO	Running command: "C:\\Program Files\\Mozilla Firefox\\firefox.exe" "--marionette" "-foreground" "-no-remote" "-profile" "C:\\Users\\micha\\AppData\\Local\\Temp\\rust_mozprofile2NtYsY"
1628860903050	addons.webextension.doh-rollout@mozilla.org	WARN	Loading extension 'doh-rollout@mozilla.org': Reading manifest: Invalid extension permission: networkStatus
1628860903654	addons.webextension.screenshots@mozilla.org	WARN	Loading extension 'screenshots@mozilla.org': Reading manifest: Invalid extension permission: mozillaAddons
1628860903654	addons.webextension.screenshots@mozilla.org	WARN	Loading extension 'screenshots@mozilla.org': Reading manifest: Invalid extension permission: telemetry
1628860903654	addons.webextension.screenshots@mozilla.org	WARN	Loading extension 'screenshots@mozilla.org': Reading manifest: Invalid extension permission: resource://pdf.js/
1628860903654	addons.webextension.screenshots@mozilla.org	WARN	Loading extension 'screenshots@mozilla.org': Reading manifest: Invalid extension permission: about:reader*
JavaScript error: resource://gre/modules/XULStore.jsm, line 66: Error: Can't find profile directory.
1628860906230	Marionette	INFO	Listening on port 52195
1628860906708	Marionette	WARN	TLS certificate errors will be ignored for this session
JavaScript error: https://www.channelnewsasia.com/blueprint/cna/lib/ge-2020-min/js/chunk-vendors.js, line 1: SyntaxError: expected expression, got '<'
JavaScript error: https://www.channelnewsasia.com/blueprint/cna/lib/ge-2020-min/js/app.js, line 1: SyntaxError: expected expression, got '<'
JavaScript error: https://www.todayonline.com/singapore/70-singapores-population-fully-vaccinated-under-national-programme-moh, line 85: TypeError: googletag.pubads is not a function
JavaScript warning: https://www.todayonline.com/_Incapsula_Resource?SWJIYLWA=719d34d31c8e3a6e6fffd425f7e032f3&ns=1&cb=100618855, line 1: unreachable code after return statement
JavaScript warning: https://www.todayonline.com/_Incapsula_Resource?SWJIYLWA=719d34d31c8e3a6e6fffd425f7e032f3&ns=1&cb=100618855, line 1: unreachable code after return statement
JavaScript warning: https://www.todayonline.com/_Incapsula_Resource?SWJIYLWA=719d34d31c8e3a6e6fffd425f7e032f3&ns=1&cb=100618855, line 1: unreachable code after return statement
JavaScript warning: https://www.todayonline.com/_Incapsula_Resource?SWJIYLWA=719d34d31c8e3a6e6fffd425f7e032f3&ns=1&cb=100618855 line 1 > eval, line 1: unreachable code after return statement
JavaScript warning: https://www.todayonline.com/_Incapsula_Resource?SWJIYLWA=719d34d31c8e3a6e6fffd425f7e032f3&ns=1&cb=100618855 line 1 > eval, line 1: unreachable code after return statement
JavaScript error: https://s7.addthis.com/static/sh.f48a1a04fe8dbf021b4cda1d.html#rand=0.9766370699458031&iit=1628860911350&tmr=load%3D1628860911299%26core%3D1628860911337%26main%3D1628860911345%26ifr%3D1628860911358&cb=0&cdn=0&md=0&kw=&ab=-&dh=www.todayonline.com&dr=&du=https%3A%2F%2Fwww.todayonline.com%2Fsingapore%2F70-singapores-population-fully-vaccinated-under-national-programme-moh&href=https%3A%2F%2Fwww.todayonline.com%2Fsingapore%2F70-singapores-population-fully-vaccinated-under-national-programme-moh&dt=70%25%20of%20population%20vaccinated%20against%20Covid-19%3B%20no%20booking%20needed%20for%20Pfizer%20shot%20from%20Aug%2010%3A%20MOH&dbg=0&cap=tc%3D0%26ab%3D0&inst=1&jsl=131073&prod=undefined&lng=en&ogt=type%3Darticle%2Cdescription%2Csite_name%2Ctitle%2Cheight%2Cwidth%2Cimage&pc=men&pub=ra-58dca8e1849ed839&ssl=1&sid=611671ef78b4a27e&srf=0.01&ver=300&xck=0&xtr=0&og=twitter%3DSINGAPORE%2520%25E2%2580%2594%2520Seventy%2520per%2520cent%2520of%2520Singapore%25E2%2580%2599s%2520population%2520are%2520vaccinated%2520against%2520Covid-19%2520as%2520of%2520Sunday%2520(Aug%25208)%252C%2520data%2520from%2520the%2520Ministry%2520of%2520Health%2520(MOH)%2520showed.%26image%3Dhttps%253A%252F%252Fwww.todayonline.com%252Fsites%252Fdefault%252Ffiles%252Fstyles%252Fnew_app_article_detail%252Fpublic%252Fphotos%252F43_images%252F20210421_ili_yew_tee_cc_covid-19_vaccine_centre_-11.jpg%253Fitok%253D_srcZGq8%26width%3D1300%26height%3D650%26title%3D70%2525%2520of%2520population%2520vaccinated%2520against%2520Covid-19%253B%2520no%2520booking%2520needed%2520for%2520Pfizer%2520shot%2520from%2520Aug%252010%253A%2520MOH%26site_name%3DTODAYonline%26description%3DSINGAPORE%2520%25E2%2580%2594%2520Seventy%2520per%2520cent%2520of%2520Singapore%25E2%2580%2599s%2520population%2520are%2520vaccinated%2520against%2520Covid-19%2520as%2520of%2520Sunday%2520(Aug%25208)%252C%2520data%2520from%2520the%2520Ministry%2520of%2520Health%2520(MOH)%2520showed.%26type%3Darticle&csi=undefined&rev=v8.28.8-wp&ct=1&xld=1&xd=1, line 41: TypeError: (intermediate value).search is not a function
JavaScript error: https://s7.addthis.com/static/sh.f48a1a04fe8dbf021b4cda1d.html#rand=0.9766370699458031&iit=1628860911350&tmr=load%3D1628860911299%26core%3D1628860911337%26main%3D1628860911345%26ifr%3D1628860911358&cb=0&cdn=0&md=0&kw=&ab=-&dh=www.todayonline.com&dr=&du=https%3A%2F%2Fwww.todayonline.com%2Fsingapore%2F70-singapores-population-fully-vaccinated-under-national-programme-moh&href=https%3A%2F%2Fwww.todayonline.com%2Fsingapore%2F70-singapores-population-fully-vaccinated-under-national-programme-moh&dt=70%25%20of%20population%20vaccinated%20against%20Covid-19%3B%20no%20booking%20needed%20for%20Pfizer%20shot%20from%20Aug%2010%3A%20MOH&dbg=0&cap=tc%3D0%26ab%3D0&inst=1&jsl=131073&prod=undefined&lng=en&ogt=type%3Darticle%2Cdescription%2Csite_name%2Ctitle%2Cheight%2Cwidth%2Cimage&pc=men&pub=ra-58dca8e1849ed839&ssl=1&sid=611671ef78b4a27e&srf=0.01&ver=300&xck=0&xtr=0&og=twitter%3DSINGAPORE%2520%25E2%2580%2594%2520Seventy%2520per%2520cent%2520of%2520Singapore%25E2%2580%2599s%2520population%2520are%2520vaccinated%2520against%2520Covid-19%2520as%2520of%2520Sunday%2520(Aug%25208)%252C%2520data%2520from%2520the%2520Ministry%2520of%2520Health%2520(MOH)%2520showed.%26image%3Dhttps%253A%252F%252Fwww.todayonline.com%252Fsites%252Fdefault%252Ffiles%252Fstyles%252Fnew_app_article_detail%252Fpublic%252Fphotos%252F43_images%252F20210421_ili_yew_tee_cc_covid-19_vaccine_centre_-11.jpg%253Fitok%253D_srcZGq8%26width%3D1300%26height%3D650%26title%3D70%2525%2520of%2520population%2520vaccinated%2520against%2520Covid-19%253B%2520no%2520booking%2520needed%2520for%2520Pfizer%2520shot%2520from%2520Aug%252010%253A%2520MOH%26site_name%3DTODAYonline%26description%3DSINGAPORE%2520%25E2%2580%2594%2520Seventy%2520per%2520cent%2520of%2520Singapore%25E2%2580%2599s%2520population%2520are%2520vaccinated%2520against%2520Covid-19%2520as%2520of%2520Sunday%2520(Aug%25208)%252C%2520data%2520from%2520the%2520Ministry%2520of%2520Health%2520(MOH)%2520showed.%26type%3Darticle&csi=undefined&rev=v8.28.8-wp&ct=1&xld=1&xd=1, line 41: TypeError: (intermediate value).search is not a function
JavaScript error: https://www.todayonline.com/sites/all/themes/weekend/templates/static/js/2.7a48a80a0c16da9664a2.js, line 5: TypeError: t.$store is undefined
JavaScript error: https://www.todayonline.com/sites/all/themes/weekend/templates/static/js/2.7a48a80a0c16da9664a2.js, line 5: TypeError: t.$store is undefined
JavaScript error: https://www.todayonline.com/sites/all/themes/weekend/templates/static/js/2.7a48a80a0c16da9664a2.js, line 5: TypeError: t.$store is undefined
JavaScript error: https://www.todayonline.com/sites/all/themes/weekend/templates/static/js/2.7a48a80a0c16da9664a2.js, line 5: TypeError: t.$store is undefined
JavaScript error: https://www.todayonline.com/sites/all/themes/weekend/templates/static/js/2.7a48a80a0c16da9664a2.js, line 5: TypeError: t.$store is undefined
JavaScript error: https://www.todayonline.com/sites/all/themes/weekend/templates/static/js/2.7a48a80a0c16da9664a2.js, line 5: TypeError: t.$store is undefined
JavaScript error: https://www.todayonline.com/sites/all/themes/weekend/templates/static/js/2.7a48a80a0c16da9664a2.js, line 5: TypeError: t.$store is undefined
JavaScript error: https://www.todayonline.com/sites/all/themes/weekend/templates/static/js/2.7a48a80a0c16da9664a2.js, line 5: TypeError: t.$store is undefined
JavaScript error: https://www.todayonline.com/sites/all/themes/weekend/templates/static/js/2.7a48a80a0c16da9664a2.js, line 5: TypeError: t.$store is undefined
1628860924399	Marionette	INFO	Stopped listening on port 52195
JavaScript error: , line 0: TypeError: NetworkError when attempting to fetch resource.

###!!! [Child][RunMessage] Error: Channel closing: too late to send/recv, messages will be lost


###!!! [Child][MessageChannel::SendAndWait] Error: Channel error: cannot send/recv

1628861001413	geckodriver	INFO	Listening on 127.0.0.1:50092
1628861004492	mozrunner::runner	INFO	Running command: "C:\\Program Files\\Mozilla Firefox\\firefox.exe" "--marionette" "-foreground" "-no-remote" "-profile" "C:\\Users\\micha\\AppData\\Local\\Temp\\rust_mozprofile1JOWMQ"
1628861004980	addons.webextension.doh-rollout@mozilla.org	WARN	Loading extension 'doh-rollout@mozilla.org': Reading manifest: Invalid extension permission: networkStatus
1628861005580	addons.webextension.screenshots@mozilla.org	WARN	Loading extension 'screenshots@mozilla.org': Reading manifest: Invalid extension permission: mozillaAddons
1628861005580	addons.webextension.screenshots@mozilla.org	WARN	Loading extension 'screenshots@mozilla.org': Reading manifest: Invalid extension permission: telemetry
1628861005580	addons.webextension.screenshots@mozilla.org	WARN	Loading extension 'screenshots@mozilla.org': Reading manifest: Invalid extension permission: resource://pdf.js/
1628861005580	addons.webextension.screenshots@mozilla.org	WARN	Loading extension 'screenshots@mozilla.org': Reading manifest: Invalid extension permission: about:reader*
JavaScript error: resource://gre/modules/XULStore.jsm, line 66: Error: Can't find profile directory.
1628861008202	Marionette	INFO	Listening on port 50108
1628861008673	Marionette	WARN	TLS certificate errors will be ignored for this session
JavaScript error: https://www.channelnewsasia.com/blueprint/cna/lib/ge-2020-min/js/chunk-vendors.js, line 1: SyntaxError: expected expression, got '<'
JavaScript error: https://www.channelnewsasia.com/blueprint/cna/lib/ge-2020-min/js/app.js, line 1: SyntaxError: expected expression, got '<'
JavaScript error: https://www.todayonline.com/singapore/some-unvaccinated-people-not-moved-pressure-new-covid-19-rules-those-allergic-hope, line 85: TypeError: googletag.pubads is not a function
JavaScript warning: https://www.todayonline.com/_Incapsula_Resource?SWJIYLWA=719d34d31c8e3a6e6fffd425f7e032f3&ns=1&cb=1239440600, line 1: unreachable code after return statement
JavaScript warning: https://www.todayonline.com/_Incapsula_Resource?SWJIYLWA=719d34d31c8e3a6e6fffd425f7e032f3&ns=1&cb=1239440600, line 1: unreachable code after return statement
JavaScript warning: https://www.todayonline.com/_Incapsula_Resource?SWJIYLWA=719d34d31c8e3a6e6fffd425f7e032f3&ns=1&cb=1239440600, line 1: unreachable code after return statement
JavaScript warning: https://www.todayonline.com/_Incapsula_Resource?SWJIYLWA=719d34d31c8e3a6e6fffd425f7e032f3&ns=1&cb=1239440600 line 1 > eval, line 1: unreachable code after return statement
JavaScript warning: https://www.todayonline.com/_Incapsula_Resource?SWJIYLWA=719d34d31c8e3a6e6fffd425f7e032f3&ns=1&cb=1239440600 line 1 > eval, line 1: unreachable code after return statement
JavaScript error: https://s7.addthis.com/static/sh.f48a1a04fe8dbf021b4cda1d.html#rand=0.07160447239219403&iit=1628861011976&tmr=load%3D1628861011927%26core%3D1628861011964%26main%3D1628861011970%26ifr%3D1628861011982&cb=0&cdn=0&md=0&kw=&ab=-&dh=www.todayonline.com&dr=&du=https%3A%2F%2Fwww.todayonline.com%2Fsingapore%2Fsome-unvaccinated-people-not-moved-pressure-new-covid-19-rules-those-allergic-hope&href=https%3A%2F%2Fwww.todayonline.com%2Fsingapore%2Fsome-unvaccinated-people-not-moved-pressure-new-covid-19-rules-those-allergic-hope&dt=Some%20unvaccinated%20people%20not%20moved%20by%20%E2%80%98pressure%E2%80%99%20of%20new%20Covid-19%20rules%3B%20those%20allergic%20hope%20for%20exceptions&dbg=0&cap=tc%3D0%26ab%3D0&inst=1&jsl=131073&prod=undefined&lng=en&ogt=type%3Darticle%2Cdescription%2Csite_name%2Ctitle%2Cheight%2Cwidth%2Cimage&pc=men&pub=ra-58dca8e1849ed839&ssl=1&sid=61167253737ea930&srf=0.01&ver=300&xck=0&xtr=0&og=twitter%3DSINGAPORE%2520%25E2%2580%2594%2520Some%2520people%2520who%2520have%2520chosen%2520not%2520to%2520be%2520vaccinated%2520against%2520Covid-19%2520are%2520not%2520rushing%2520to%2520get%2520themselves%2520immunised%2520even%2520though%2520new%2520regulations%2520are%2520limiting%2520their%2520social%2520activities%252C%2520saying%2520they%2520are%2520still%2520on%2520the%2520fence%2520about%2520it.%26image%3Dhttps%253A%252F%252Fwww.todayonline.com%252Fsites%252Fdefault%252Ffiles%252Fstyles%252Fnew_app_article_detail%252Fpublic%252Fphotos%252F43_images%252F20210810_nlx_aug_10_dining_in-2.jpg%253Fitok%253DfupRhtuC%26width%3D1300%26height%3D650%26title%3DSome%2520unvaccinated%2520people%2520not%2520moved%2520by%2520%25E2%2580%2598pressure%25E2%2580%2599%2520of%2520new%2520Covid-19%2520rules%253B%2520those%2520allergic%2520hope%2520for%2520exceptions%26site_name%3DTODAYonline%26description%3DSINGAPORE%2520%25E2%2580%2594%2520Some%2520people%2520who%2520have%2520chosen%2520not%2520to%2520be%2520vaccinated%2520against%2520Covid-19%2520are%2520not%2520rushing%2520to%2520get%2520themselves%2520immunised%2520even%2520though%2520new%2520regulations%2520are%2520limiting%2520their%2520social%2520activities%252C%2520saying%2520they%2520are%2520still%2520on%2520the%2520fence%2520about%2520it.%26type%3Darticle&csi=undefined&rev=v8.28.8-wp&ct=1&xld=1&xd=1, line 41: TypeError: (intermediate value).search is not a function
JavaScript error: https://s7.addthis.com/static/sh.f48a1a04fe8dbf021b4cda1d.html#rand=0.07160447239219403&iit=1628861011976&tmr=load%3D1628861011927%26core%3D1628861011964%26main%3D1628861011970%26ifr%3D1628861011982&cb=0&cdn=0&md=0&kw=&ab=-&dh=www.todayonline.com&dr=&du=https%3A%2F%2Fwww.todayonline.com%2Fsingapore%2Fsome-unvaccinated-people-not-moved-pressure-new-covid-19-rules-those-allergic-hope&href=https%3A%2F%2Fwww.todayonline.com%2Fsingapore%2Fsome-unvaccinated-people-not-moved-pressure-new-covid-19-rules-those-allergic-hope&dt=Some%20unvaccinated%20people%20not%20moved%20by%20%E2%80%98pressure%E2%80%99%20of%20new%20Covid-19%20rules%3B%20those%20allergic%20hope%20for%20exceptions&dbg=0&cap=tc%3D0%26ab%3D0&inst=1&jsl=131073&prod=undefined&lng=en&ogt=type%3Darticle%2Cdescription%2Csite_name%2Ctitle%2Cheight%2Cwidth%2Cimage&pc=men&pub=ra-58dca8e1849ed839&ssl=1&sid=61167253737ea930&srf=0.01&ver=300&xck=0&xtr=0&og=twitter%3DSINGAPORE%2520%25E2%2580%2594%2520Some%2520people%2520who%2520have%2520chosen%2520not%2520to%2520be%2520vaccinated%2520against%2520Covid-19%2520are%2520not%2520rushing%2520to%2520get%2520themselves%2520immunised%2520even%2520though%2520new%2520regulations%2520are%2520limiting%2520their%2520social%2520activities%252C%2520saying%2520they%2520are%2520still%2520on%2520the%2520fence%2520about%2520it.%26image%3Dhttps%253A%252F%252Fwww.todayonline.com%252Fsites%252Fdefault%252Ffiles%252Fstyles%252Fnew_app_article_detail%252Fpublic%252Fphotos%252F43_images%252F20210810_nlx_aug_10_dining_in-2.jpg%253Fitok%253DfupRhtuC%26width%3D1300%26height%3D650%26title%3DSome%2520unvaccinated%2520people%2520not%2520moved%2520by%2520%25E2%2580%2598pressure%25E2%2580%2599%2520of%2520new%2520Covid-19%2520rules%253B%2520those%2520allergic%2520hope%2520for%2520exceptions%26site_name%3DTODAYonline%26description%3DSINGAPORE%2520%25E2%2580%2594%2520Some%2520people%2520who%2520have%2520chosen%2520not%2520to%2520be%2520vaccinated%2520against%2520Covid-19%2520are%2520not%2520rushing%2520to%2520get%2520themselves%2520immunised%2520even%2520though%2520new%2520regulations%2520are%2520limiting%2520their%2520social%2520activities%252C%2520saying%2520they%2520are%2520still%2520on%2520the%2520fence%2520about%2520it.%26type%3Darticle&csi=undefined&rev=v8.28.8-wp&ct=1&xld=1&xd=1, line 41: TypeError: (intermediate value).search is not a function
JavaScript error: https://www.todayonline.com/sites/all/themes/weekend/templates/static/js/2.7a48a80a0c16da9664a2.js, line 5: TypeError: t.$store is undefined
JavaScript error: https://www.todayonline.com/sites/all/themes/weekend/templates/static/js/2.7a48a80a0c16da9664a2.js, line 5: TypeError: t.$store is undefined
JavaScript error: https://www.todayonline.com/sites/all/themes/weekend/templates/static/js/2.7a48a80a0c16da9664a2.js, line 5: TypeError: t.$store is undefined
JavaScript error: https://www.todayonline.com/sites/all/themes/weekend/templates/static/js/2.7a48a80a0c16da9664a2.js, line 5: TypeError: t.$store is undefined
JavaScript error: https://www.todayonline.com/sites/all/themes/weekend/templates/static/js/2.7a48a80a0c16da9664a2.js, line 5: TypeError: t.$store is undefined
JavaScript error: https://www.todayonline.com/sites/all/themes/weekend/templates/static/js/2.7a48a80a0c16da9664a2.js, line 5: TypeError: t.$store is undefined
JavaScript error: https://www.todayonline.com/sites/all/themes/weekend/templates/static/js/2.7a48a80a0c16da9664a2.js, line 5: TypeError: t.$store is undefined
JavaScript error: https://www.todayonline.com/sites/all/themes/weekend/templates/static/js/2.7a48a80a0c16da9664a2.js, line 5: TypeError: t.$store is undefined
JavaScript error: https://www.todayonline.com/sites/all/themes/weekend/templates/static/js/2.7a48a80a0c16da9664a2.js, line 5: TypeError: t.$store is undefined
JavaScript error: https://www.todayonline.com/sites/all/themes/weekend/templates/static/js/2.7a48a80a0c16da9664a2.js, line 5: TypeError: t.$store is undefined
JavaScript error: https://www.todayonline.com/sites/all/themes/weekend/templates/static/js/2.7a48a80a0c16da9664a2.js, line 5: TypeError: t.$store is undefined
1628861033635	Marionette	INFO	Stopped listening on port 50108
JavaScript error: , line 0: TypeError: NetworkError when attempting to fetch resource.

###!!! [Child][RunMessage] Error: Channel closing: too late to send/recv, messages will be lost


###!!! [Child][MessageChannel::SendAndWait] Error: Channel error: cannot send/recv

1628861035893	geckodriver	INFO	Listening on 127.0.0.1:50360
1628861038988	mozrunner::runner	INFO	Running command: "C:\\Program Files\\Mozilla Firefox\\firefox.exe" "--marionette" "-foreground" "-no-remote" "-profile" "C:\\Users\\micha\\AppData\\Local\\Temp\\rust_mozprofileEFPyoO"
1628861039479	addons.webextension.doh-rollout@mozilla.org	WARN	Loading extension 'doh-rollout@mozilla.org': Reading manifest: Invalid extension permission: networkStatus
1628861040102	addons.webextension.screenshots@mozilla.org	WARN	Loading extension 'screenshots@mozilla.org': Reading manifest: Invalid extension permission: mozillaAddons
1628861040102	addons.webextension.screenshots@mozilla.org	WARN	Loading extension 'screenshots@mozilla.org': Reading manifest: Invalid extension permission: telemetry
1628861040103	addons.webextension.screenshots@mozilla.org	WARN	Loading extension 'screenshots@mozilla.org': Reading manifest: Invalid extension permission: resource://pdf.js/
1628861040103	addons.webextension.screenshots@mozilla.org	WARN	Loading extension 'screenshots@mozilla.org': Reading manifest: Invalid extension permission: about:reader*
JavaScript error: resource://gre/modules/XULStore.jsm, line 66: Error: Can't find profile directory.
1628861042799	Marionette	INFO	Listening on port 50376
1628861043181	Marionette	WARN	TLS certificate errors will be ignored for this session
JavaScript error: https://www.channelnewsasia.com/blueprint/cna/lib/ge-2020-min/js/chunk-vendors.js, line 1: SyntaxError: expected expression, got '<'
JavaScript error: https://www.channelnewsasia.com/blueprint/cna/lib/ge-2020-min/js/app.js, line 1: SyntaxError: expected expression, got '<'
JavaScript error: https://www.todayonline.com/singapore/covid-19-singapore-aug-11-2021, line 85: TypeError: googletag.pubads is not a function
JavaScript warning: https://www.todayonline.com/_Incapsula_Resource?SWJIYLWA=719d34d31c8e3a6e6fffd425f7e032f3&ns=1&cb=2110416760, line 1: unreachable code after return statement
JavaScript warning: https://www.todayonline.com/_Incapsula_Resource?SWJIYLWA=719d34d31c8e3a6e6fffd425f7e032f3&ns=1&cb=2110416760, line 1: unreachable code after return statement
JavaScript warning: https://www.todayonline.com/_Incapsula_Resource?SWJIYLWA=719d34d31c8e3a6e6fffd425f7e032f3&ns=1&cb=2110416760 line 1 > eval, line 1: unreachable code after return statement
JavaScript error: https://s7.addthis.com/static/sh.f48a1a04fe8dbf021b4cda1d.html#rand=0.7421677356016613&iit=1628861046568&tmr=load%3D1628861046519%26core%3D1628861046555%26main%3D1628861046561%26ifr%3D1628861046573&cb=0&cdn=0&md=0&kw=&ab=-&dh=www.todayonline.com&dr=&du=https%3A%2F%2Fwww.todayonline.com%2Fsingapore%2Fcovid-19-singapore-aug-11-2021&href=https%3A%2F%2Fwww.todayonline.com%2Fsingapore%2Fcovid-19-singapore-aug-11-2021&dt=Covid-19%3A%203%20new%20clusters%20detected%3B%20dip%20in%20number%20of%20patients%20in%20ICU&dbg=0&cap=tc%3D0%26ab%3D0&inst=1&jsl=131073&prod=undefined&lng=en&ogt=type%3Darticle%2Cdescription%2Csite_name%2Ctitle%2Cheight%2Cwidth%2Cimage&pc=men&pub=ra-58dca8e1849ed839&ssl=1&sid=61167276caf3dda7&srf=0.01&ver=300&xck=0&xtr=0&og=twitter%3DSINGAPORE%2520%25E2%2580%2594%2520Singapore%2520on%2520Wednesday%2520(Aug%252011)%2520reported%2520three%2520new%2520clusters%2520of%2520Covid-19%2520infections%2520%25E2%2580%2594%2520one%2520of%2520which%2520is%2520linked%2520to%2520a%2520pre-school%2520%25E2%2580%2594%2520as%2520well%2520as%2520a%2520drop%2520in%2520the%2520number%2520of%2520patients%2520in%2520the%2520intensive%2520care%2520units%2520from%2520the%2520day%2520before.%26image%3Dhttps%253A%252F%252Fwww.todayonline.com%252Fsites%252Fdefault%252Ffiles%252Fstyles%252Fnew_app_article_detail%252Fpublic%252Fphotos%252F43_images%252Ftdymoh0811b.jpg%253Fitok%253DnuysPb1_%26width%3D1300%26height%3D650%26title%3DCovid-19%253A%25203%2520new%2520clusters%2520detected%253B%2520dip%2520in%2520number%2520of%2520patients%2520in%2520ICU%26site_name%3DTODAYonline%26description%3DSINGAPORE%2520%25E2%2580%2594%2520Singapore%2520on%2520Wednesday%2520(Aug%252011)%2520reported%2520three%2520new%2520clusters%2520of%2520Covid-19%2520infections%2520%25E2%2580%2594%2520one%2520of%2520which%2520is%2520linked%2520to%2520a%2520pre-school%2520%25E2%2580%2594%2520as%2520well%2520as%2520a%2520drop%2520in%2520the%2520number%2520of%2520patients%2520in%2520the%2520intensive%2520care%2520units%2520from%2520the%2520day%2520before.%26type%3Darticle&csi=undefined&rev=v8.28.8-wp&ct=1&xld=1&xd=1, line 41: TypeError: (intermediate value).search is not a function
JavaScript error: https://s7.addthis.com/static/sh.f48a1a04fe8dbf021b4cda1d.html#rand=0.7421677356016613&iit=1628861046568&tmr=load%3D1628861046519%26core%3D1628861046555%26main%3D1628861046561%26ifr%3D1628861046573&cb=0&cdn=0&md=0&kw=&ab=-&dh=www.todayonline.com&dr=&du=https%3A%2F%2Fwww.todayonline.com%2Fsingapore%2Fcovid-19-singapore-aug-11-2021&href=https%3A%2F%2Fwww.todayonline.com%2Fsingapore%2Fcovid-19-singapore-aug-11-2021&dt=Covid-19%3A%203%20new%20clusters%20detected%3B%20dip%20in%20number%20of%20patients%20in%20ICU&dbg=0&cap=tc%3D0%26ab%3D0&inst=1&jsl=131073&prod=undefined&lng=en&ogt=type%3Darticle%2Cdescription%2Csite_name%2Ctitle%2Cheight%2Cwidth%2Cimage&pc=men&pub=ra-58dca8e1849ed839&ssl=1&sid=61167276caf3dda7&srf=0.01&ver=300&xck=0&xtr=0&og=twitter%3DSINGAPORE%2520%25E2%2580%2594%2520Singapore%2520on%2520Wednesday%2520(Aug%252011)%2520reported%2520three%2520new%2520clusters%2520of%2520Covid-19%2520infections%2520%25E2%2580%2594%2520one%2520of%2520which%2520is%2520linked%2520to%2520a%2520pre-school%2520%25E2%2580%2594%2520as%2520well%2520as%2520a%2520drop%2520in%2520the%2520number%2520of%2520patients%2520in%2520the%2520intensive%2520care%2520units%2520from%2520the%2520day%2520before.%26image%3Dhttps%253A%252F%252Fwww.todayonline.com%252Fsites%252Fdefault%252Ffiles%252Fstyles%252Fnew_app_article_detail%252Fpublic%252Fphotos%252F43_images%252Ftdymoh0811b.jpg%253Fitok%253DnuysPb1_%26width%3D1300%26height%3D650%26title%3DCovid-19%253A%25203%2520new%2520clusters%2520detected%253B%2520dip%2520in%2520number%2520of%2520patients%2520in%2520ICU%26site_name%3DTODAYonline%26description%3DSINGAPORE%2520%25E2%2580%2594%2520Singapore%2520on%2520Wednesday%2520(Aug%252011)%2520reported%2520three%2520new%2520clusters%2520of%2520Covid-19%2520infections%2520%25E2%2580%2594%2520one%2520of%2520which%2520is%2520linked%2520to%2520a%2520pre-school%2520%25E2%2580%2594%2520as%2520well%2520as%2520a%2520drop%2520in%2520the%2520number%2520of%2520patients%2520in%2520the%2520intensive%2520care%2520units%2520from%2520the%2520day%2520before.%26type%3Darticle&csi=undefined&rev=v8.28.8-wp&ct=1&xld=1&xd=1, line 41: TypeError: (intermediate value).search is not a function
JavaScript error: https://www.todayonline.com/sites/all/themes/weekend/templates/static/js/2.7a48a80a0c16da9664a2.js, line 5: TypeError: t.$store is undefined
JavaScript error: https://www.todayonline.com/sites/all/themes/weekend/templates/static/js/2.7a48a80a0c16da9664a2.js, line 5: TypeError: t.$store is undefined
JavaScript error: https://www.todayonline.com/sites/all/themes/weekend/templates/static/js/2.7a48a80a0c16da9664a2.js, line 5: TypeError: t.$store is undefined
JavaScript error: https://www.todayonline.com/sites/all/themes/weekend/templates/static/js/2.7a48a80a0c16da9664a2.js, line 5: TypeError: t.$store is undefined
JavaScript error: https://www.todayonline.com/sites/all/themes/weekend/templates/static/js/2.7a48a80a0c16da9664a2.js, line 5: TypeError: t.$store is undefined
JavaScript error: https://www.todayonline.com/sites/all/themes/weekend/templates/static/js/2.7a48a80a0c16da9664a2.js, line 5: TypeError: t.$store is undefined
JavaScript error: https://www.todayonline.com/sites/all/themes/weekend/templates/static/js/2.7a48a80a0c16da9664a2.js, line 5: TypeError: t.$store is undefined
JavaScript error: https://www.todayonline.com/sites/all/themes/weekend/templates/static/js/2.7a48a80a0c16da9664a2.js, line 5: TypeError: t.$store is undefined
JavaScript error: https://www.todayonline.com/sites/all/themes/weekend/templates/static/js/2.7a48a80a0c16da9664a2.js, line 5: TypeError: t.$store is undefined
JavaScript error: https://www.todayonline.com/sites/all/themes/weekend/templates/static/js/2.7a48a80a0c16da9664a2.js, line 5: TypeError: t.$store is undefined
JavaScript error: https://www.todayonline.com/sites/all/themes/weekend/templates/static/js/2.7a48a80a0c16da9664a2.js, line 5: TypeError: t.$store is undefined
JavaScript error: https://www.todayonline.com/sites/all/themes/weekend/templates/static/js/2.7a48a80a0c16da9664a2.js, line 5: TypeError: t.$store is undefined
JavaScript error: https://www.todayonline.com/sites/all/themes/weekend/templates/static/js/2.7a48a80a0c16da9664a2.js, line 5: TypeError: t.$store is undefined
1628861068814	Marionette	INFO	Stopped listening on port 50376
JavaScript error: , line 0: TypeError: NetworkError when attempting to fetch resource.
JavaScript error: , line 0: TypeError: NetworkError when attempting to fetch resource.

###!!! [Child][RunMessage] Error: Channel closing: too late to send/recv, messages will be lost


###!!! [Child][MessageChannel::SendAndWait] Error: Channel error: cannot send/recv

1628861072444	geckodriver	INFO	Listening on 127.0.0.1:50620
1628861075522	mozrunner::runner	INFO	Running command: "C:\\Program Files\\Mozilla Firefox\\firefox.exe" "--marionette" "-foreground" "-no-remote" "-profile" "C:\\Users\\micha\\AppData\\Local\\Temp\\rust_mozprofilePD1cip"
1628861076024	addons.webextension.doh-rollout@mozilla.org	WARN	Loading extension 'doh-rollout@mozilla.org': Reading manifest: Invalid extension permission: networkStatus
1628861076611	addons.webextension.screenshots@mozilla.org	WARN	Loading extension 'screenshots@mozilla.org': Reading manifest: Invalid extension permission: mozillaAddons
1628861076611	addons.webextension.screenshots@mozilla.org	WARN	Loading extension 'screenshots@mozilla.org': Reading manifest: Invalid extension permission: telemetry
1628861076611	addons.webextension.screenshots@mozilla.org	WARN	Loading extension 'screenshots@mozilla.org': Reading manifest: Invalid extension permission: resource://pdf.js/
1628861076611	addons.webextension.screenshots@mozilla.org	WARN	Loading extension 'screenshots@mozilla.org': Reading manifest: Invalid extension permission: about:reader*
JavaScript error: resource://gre/modules/XULStore.jsm, line 66: Error: Can't find profile directory.
1628861079282	Marionette	INFO	Listening on port 50636
1628861079716	Marionette	WARN	TLS certificate errors will be ignored for this session
JavaScript error: https://www.channelnewsasia.com/blueprint/cna/lib/ge-2020-min/js/chunk-vendors.js, line 1: SyntaxError: expected expression, got '<'
JavaScript error: https://www.channelnewsasia.com/blueprint/cna/lib/ge-2020-min/js/app.js, line 1: SyntaxError: expected expression, got '<'
JavaScript error: https://www.todayonline.com/singapore/70-singapores-population-fully-vaccinated-under-national-programme-moh, line 85: TypeError: googletag.pubads is not a function
JavaScript warning: https://www.todayonline.com/_Incapsula_Resource?SWJIYLWA=719d34d31c8e3a6e6fffd425f7e032f3&ns=1&cb=100618855, line 1: unreachable code after return statement
JavaScript warning: https://www.todayonline.com/_Incapsula_Resource?SWJIYLWA=719d34d31c8e3a6e6fffd425f7e032f3&ns=1&cb=100618855, line 1: unreachable code after return statement
JavaScript warning: https://www.todayonline.com/_Incapsula_Resource?SWJIYLWA=719d34d31c8e3a6e6fffd425f7e032f3&ns=1&cb=100618855, line 1: unreachable code after return statement
JavaScript warning: https://www.todayonline.com/_Incapsula_Resource?SWJIYLWA=719d34d31c8e3a6e6fffd425f7e032f3&ns=1&cb=100618855 line 1 > eval, line 1: unreachable code after return statement
JavaScript warning: https://www.todayonline.com/_Incapsula_Resource?SWJIYLWA=719d34d31c8e3a6e6fffd425f7e032f3&ns=1&cb=100618855 line 1 > eval, line 1: unreachable code after return statement
JavaScript error: https://s7.addthis.com/static/sh.f48a1a04fe8dbf021b4cda1d.html#rand=0.17463028141635595&iit=1628861083068&tmr=load%3D1628861083018%26core%3D1628861083056%26main%3D1628861083063%26ifr%3D1628861083074&cb=0&cdn=0&md=0&kw=&ab=-&dh=www.todayonline.com&dr=&du=https%3A%2F%2Fwww.todayonline.com%2Fsingapore%2F70-singapores-population-fully-vaccinated-under-national-programme-moh&href=https%3A%2F%2Fwww.todayonline.com%2Fsingapore%2F70-singapores-population-fully-vaccinated-under-national-programme-moh&dt=70%25%20of%20population%20vaccinated%20against%20Covid-19%3B%20no%20booking%20needed%20for%20Pfizer%20shot%20from%20Aug%2010%3A%20MOH&dbg=0&cap=tc%3D0%26ab%3D0&inst=1&jsl=131073&prod=undefined&lng=en&ogt=type%3Darticle%2Cdescription%2Csite_name%2Ctitle%2Cheight%2Cwidth%2Cimage&pc=men&pub=ra-58dca8e1849ed839&ssl=1&sid=6116729b5c70d076&srf=0.01&ver=300&xck=0&xtr=0&og=twitter%3DSINGAPORE%2520%25E2%2580%2594%2520Seventy%2520per%2520cent%2520of%2520Singapore%25E2%2580%2599s%2520population%2520are%2520vaccinated%2520against%2520Covid-19%2520as%2520of%2520Sunday%2520(Aug%25208)%252C%2520data%2520from%2520the%2520Ministry%2520of%2520Health%2520(MOH)%2520showed.%26image%3Dhttps%253A%252F%252Fwww.todayonline.com%252Fsites%252Fdefault%252Ffiles%252Fstyles%252Fnew_app_article_detail%252Fpublic%252Fphotos%252F43_images%252F20210421_ili_yew_tee_cc_covid-19_vaccine_centre_-11.jpg%253Fitok%253D_srcZGq8%26width%3D1300%26height%3D650%26title%3D70%2525%2520of%2520population%2520vaccinated%2520against%2520Covid-19%253B%2520no%2520booking%2520needed%2520for%2520Pfizer%2520shot%2520from%2520Aug%252010%253A%2520MOH%26site_name%3DTODAYonline%26description%3DSINGAPORE%2520%25E2%2580%2594%2520Seventy%2520per%2520cent%2520of%2520Singapore%25E2%2580%2599s%2520population%2520are%2520vaccinated%2520against%2520Covid-19%2520as%2520of%2520Sunday%2520(Aug%25208)%252C%2520data%2520from%2520the%2520Ministry%2520of%2520Health%2520(MOH)%2520showed.%26type%3Darticle&csi=undefined&rev=v8.28.8-wp&ct=1&xld=1&xd=1, line 41: TypeError: (intermediate value).search is not a function
JavaScript error: https://s7.addthis.com/static/sh.f48a1a04fe8dbf021b4cda1d.html#rand=0.17463028141635595&iit=1628861083068&tmr=load%3D1628861083018%26core%3D1628861083056%26main%3D1628861083063%26ifr%3D1628861083074&cb=0&cdn=0&md=0&kw=&ab=-&dh=www.todayonline.com&dr=&du=https%3A%2F%2Fwww.todayonline.com%2Fsingapore%2F70-singapores-population-fully-vaccinated-under-national-programme-moh&href=https%3A%2F%2Fwww.todayonline.com%2Fsingapore%2F70-singapores-population-fully-vaccinated-under-national-programme-moh&dt=70%25%20of%20population%20vaccinated%20against%20Covid-19%3B%20no%20booking%20needed%20for%20Pfizer%20shot%20from%20Aug%2010%3A%20MOH&dbg=0&cap=tc%3D0%26ab%3D0&inst=1&jsl=131073&prod=undefined&lng=en&ogt=type%3Darticle%2Cdescription%2Csite_name%2Ctitle%2Cheight%2Cwidth%2Cimage&pc=men&pub=ra-58dca8e1849ed839&ssl=1&sid=6116729b5c70d076&srf=0.01&ver=300&xck=0&xtr=0&og=twitter%3DSINGAPORE%2520%25E2%2580%2594%2520Seventy%2520per%2520cent%2520of%2520Singapore%25E2%2580%2599s%2520population%2520are%2520vaccinated%2520against%2520Covid-19%2520as%2520of%2520Sunday%2520(Aug%25208)%252C%2520data%2520from%2520the%2520Ministry%2520of%2520Health%2520(MOH)%2520showed.%26image%3Dhttps%253A%252F%252Fwww.todayonline.com%252Fsites%252Fdefault%252Ffiles%252Fstyles%252Fnew_app_article_detail%252Fpublic%252Fphotos%252F43_images%252F20210421_ili_yew_tee_cc_covid-19_vaccine_centre_-11.jpg%253Fitok%253D_srcZGq8%26width%3D1300%26height%3D650%26title%3D70%2525%2520of%2520population%2520vaccinated%2520against%2520Covid-19%253B%2520no%2520booking%2520needed%2520for%2520Pfizer%2520shot%2520from%2520Aug%252010%253A%2520MOH%26site_name%3DTODAYonline%26description%3DSINGAPORE%2520%25E2%2580%2594%2520Seventy%2520per%2520cent%2520of%2520Singapore%25E2%2580%2599s%2520population%2520are%2520vaccinated%2520against%2520Covid-19%2520as%2520of%2520Sunday%2520(Aug%25208)%252C%2520data%2520from%2520the%2520Ministry%2520of%2520Health%2520(MOH)%2520showed.%26type%3Darticle&csi=undefined&rev=v8.28.8-wp&ct=1&xld=1&xd=1, line 41: TypeError: (intermediate value).search is not a function
JavaScript error: https://www.todayonline.com/sites/all/themes/weekend/templates/static/js/2.7a48a80a0c16da9664a2.js, line 5: TypeError: t.$store is undefined
JavaScript error: https://www.todayonline.com/sites/all/themes/weekend/templates/static/js/2.7a48a80a0c16da9664a2.js, line 5: TypeError: t.$store is undefined
JavaScript error: https://www.todayonline.com/sites/all/themes/weekend/templates/static/js/2.7a48a80a0c16da9664a2.js, line 5: TypeError: t.$store is undefined
JavaScript error: https://www.todayonline.com/sites/all/themes/weekend/templates/static/js/2.7a48a80a0c16da9664a2.js, line 5: TypeError: t.$store is undefined
JavaScript error: https://www.todayonline.com/sites/all/themes/weekend/templates/static/js/2.7a48a80a0c16da9664a2.js, line 5: TypeError: t.$store is undefined
JavaScript error: https://www.todayonline.com/sites/all/themes/weekend/templates/static/js/2.7a48a80a0c16da9664a2.js, line 5: TypeError: t.$store is undefined
JavaScript error: https://www.todayonline.com/sites/all/themes/weekend/templates/static/js/2.7a48a80a0c16da9664a2.js, line 5: TypeError: t.$store is undefined
JavaScript error: https://www.todayonline.com/sites/all/themes/weekend/templates/static/js/2.7a48a80a0c16da9664a2.js, line 5: TypeError: t.$store is undefined
JavaScript error: https://www.todayonline.com/sites/all/themes/weekend/templates/static/js/2.7a48a80a0c16da9664a2.js, line 5: TypeError: t.$store is undefined
JavaScript error: https://www.todayonline.com/sites/all/themes/weekend/templates/static/js/2.7a48a80a0c16da9664a2.js, line 5: TypeError: t.$store is undefined
1628861104558	Marionette	INFO	Stopped listening on port 50636
JavaScript error: , line 0: TypeError: NetworkError when attempting to fetch resource.

###!!! [Child][RunMessage] Error: Channel closing: too late to send/recv, messages will be lost


###!!! [Child][MessageChannel::SendAndWait] Error: Channel error: cannot send/recv

1628862661613	geckodriver	INFO	Listening on 127.0.0.1:50436
1628862664697	mozrunner::runner	INFO	Running command: "C:\\Program Files\\Mozilla Firefox\\firefox.exe" "--marionette" "-foreground" "-no-remote" "-profile" "C:\\Users\\micha\\AppData\\Local\\Temp\\rust_mozprofilebuQjNh"
1628862665548	addons.webextension.doh-rollout@mozilla.org	WARN	Loading extension 'doh-rollout@mozilla.org': Reading manifest: Invalid extension permission: networkStatus
1628862666188	addons.webextension.screenshots@mozilla.org	WARN	Loading extension 'screenshots@mozilla.org': Reading manifest: Invalid extension permission: mozillaAddons
1628862666188	addons.webextension.screenshots@mozilla.org	WARN	Loading extension 'screenshots@mozilla.org': Reading manifest: Invalid extension permission: telemetry
1628862666188	addons.webextension.screenshots@mozilla.org	WARN	Loading extension 'screenshots@mozilla.org': Reading manifest: Invalid extension permission: resource://pdf.js/
1628862666189	addons.webextension.screenshots@mozilla.org	WARN	Loading extension 'screenshots@mozilla.org': Reading manifest: Invalid extension permission: about:reader*
JavaScript error: resource://gre/modules/XULStore.jsm, line 66: Error: Can't find profile directory.
1628862669107	Marionette	INFO	Listening on port 50452
1628862669490	Marionette	WARN	TLS certificate errors will be ignored for this session
JavaScript error: https://www.channelnewsasia.com/blueprint/cna/lib/ge-2020-min/js/chunk-vendors.js, line 1: SyntaxError: expected expression, got '<'
JavaScript error: https://www.channelnewsasia.com/blueprint/cna/lib/ge-2020-min/js/app.js, line 1: SyntaxError: expected expression, got '<'
JavaScript error: https://www.todayonline.com/singapore/some-unvaccinated-people-not-moved-pressure-new-covid-19-rules-those-allergic-hope, line 85: TypeError: googletag.pubads is not a function
JavaScript warning: https://www.todayonline.com/_Incapsula_Resource?SWJIYLWA=719d34d31c8e3a6e6fffd425f7e032f3&ns=1&cb=1341167463, line 1: unreachable code after return statement
JavaScript warning: https://www.todayonline.com/_Incapsula_Resource?SWJIYLWA=719d34d31c8e3a6e6fffd425f7e032f3&ns=1&cb=1341167463, line 1: unreachable code after return statement
JavaScript warning: https://www.todayonline.com/_Incapsula_Resource?SWJIYLWA=719d34d31c8e3a6e6fffd425f7e032f3&ns=1&cb=1341167463 line 1 > eval, line 1: unreachable code after return statement
JavaScript warning: https://www.todayonline.com/_Incapsula_Resource?SWJIYLWA=719d34d31c8e3a6e6fffd425f7e032f3&ns=1&cb=1341167463 line 1 > eval, line 1: unreachable code after return statement
JavaScript error: https://s7.addthis.com/static/sh.f48a1a04fe8dbf021b4cda1d.html#rand=0.6037059895341668&iit=1628862672835&tmr=load%3D1628862672784%26core%3D1628862672822%26main%3D1628862672828%26ifr%3D1628862672840&cb=0&cdn=0&md=0&kw=&ab=-&dh=www.todayonline.com&dr=&du=https%3A%2F%2Fwww.todayonline.com%2Fsingapore%2Fsome-unvaccinated-people-not-moved-pressure-new-covid-19-rules-those-allergic-hope&href=https%3A%2F%2Fwww.todayonline.com%2Fsingapore%2Fsome-unvaccinated-people-not-moved-pressure-new-covid-19-rules-those-allergic-hope&dt=Some%20unvaccinated%20people%20not%20moved%20by%20%E2%80%98pressure%E2%80%99%20of%20new%20Covid-19%20rules%3B%20those%20allergic%20hope%20for%20exceptions&dbg=0&cap=tc%3D0%26ab%3D0&inst=1&jsl=131073&prod=undefined&lng=en&ogt=type%3Darticle%2Cdescription%2Csite_name%2Ctitle%2Cheight%2Cwidth%2Cimage&pc=men&pub=ra-58dca8e1849ed839&ssl=1&sid=611678d0e2059970&srf=0.01&ver=300&xck=0&xtr=0&og=twitter%3DSINGAPORE%2520%25E2%2580%2594%2520Some%2520people%2520who%2520have%2520chosen%2520not%2520to%2520be%2520vaccinated%2520against%2520Covid-19%2520are%2520not%2520rushing%2520to%2520get%2520themselves%2520immunised%2520even%2520though%2520new%2520regulations%2520are%2520limiting%2520their%2520social%2520activities%252C%2520saying%2520they%2520are%2520still%2520on%2520the%2520fence%2520about%2520it.%26image%3Dhttps%253A%252F%252Fwww.todayonline.com%252Fsites%252Fdefault%252Ffiles%252Fstyles%252Fnew_app_article_detail%252Fpublic%252Fphotos%252F43_images%252F20210810_nlx_aug_10_dining_in-2.jpg%253Fitok%253DfupRhtuC%26width%3D1300%26height%3D650%26title%3DSome%2520unvaccinated%2520people%2520not%2520moved%2520by%2520%25E2%2580%2598pressure%25E2%2580%2599%2520of%2520new%2520Covid-19%2520rules%253B%2520those%2520allergic%2520hope%2520for%2520exceptions%26site_name%3DTODAYonline%26description%3DSINGAPORE%2520%25E2%2580%2594%2520Some%2520people%2520who%2520have%2520chosen%2520not%2520to%2520be%2520vaccinated%2520against%2520Covid-19%2520are%2520not%2520rushing%2520to%2520get%2520themselves%2520immunised%2520even%2520though%2520new%2520regulations%2520are%2520limiting%2520their%2520social%2520activities%252C%2520saying%2520they%2520are%2520still%2520on%2520the%2520fence%2520about%2520it.%26type%3Darticle&csi=undefined&rev=v8.28.8-wp&ct=1&xld=1&xd=1, line 41: TypeError: (intermediate value).search is not a function
JavaScript error: https://s7.addthis.com/static/sh.f48a1a04fe8dbf021b4cda1d.html#rand=0.6037059895341668&iit=1628862672835&tmr=load%3D1628862672784%26core%3D1628862672822%26main%3D1628862672828%26ifr%3D1628862672840&cb=0&cdn=0&md=0&kw=&ab=-&dh=www.todayonline.com&dr=&du=https%3A%2F%2Fwww.todayonline.com%2Fsingapore%2Fsome-unvaccinated-people-not-moved-pressure-new-covid-19-rules-those-allergic-hope&href=https%3A%2F%2Fwww.todayonline.com%2Fsingapore%2Fsome-unvaccinated-people-not-moved-pressure-new-covid-19-rules-those-allergic-hope&dt=Some%20unvaccinated%20people%20not%20moved%20by%20%E2%80%98pressure%E2%80%99%20of%20new%20Covid-19%20rules%3B%20those%20allergic%20hope%20for%20exceptions&dbg=0&cap=tc%3D0%26ab%3D0&inst=1&jsl=131073&prod=undefined&lng=en&ogt=type%3Darticle%2Cdescription%2Csite_name%2Ctitle%2Cheight%2Cwidth%2Cimage&pc=men&pub=ra-58dca8e1849ed839&ssl=1&sid=611678d0e2059970&srf=0.01&ver=300&xck=0&xtr=0&og=twitter%3DSINGAPORE%2520%25E2%2580%2594%2520Some%2520people%2520who%2520have%2520chosen%2520not%2520to%2520be%2520vaccinated%2520against%2520Covid-19%2520are%2520not%2520rushing%2520to%2520get%2520themselves%2520immunised%2520even%2520though%2520new%2520regulations%2520are%2520limiting%2520their%2520social%2520activities%252C%2520saying%2520they%2520are%2520still%2520on%2520the%2520fence%2520about%2520it.%26image%3Dhttps%253A%252F%252Fwww.todayonline.com%252Fsites%252Fdefault%252Ffiles%252Fstyles%252Fnew_app_article_detail%252Fpublic%252Fphotos%252F43_images%252F20210810_nlx_aug_10_dining_in-2.jpg%253Fitok%253DfupRhtuC%26width%3D1300%26height%3D650%26title%3DSome%2520unvaccinated%2520people%2520not%2520moved%2520by%2520%25E2%2580%2598pressure%25E2%2580%2599%2520of%2520new%2520Covid-19%2520rules%253B%2520those%2520allergic%2520hope%2520for%2520exceptions%26site_name%3DTODAYonline%26description%3DSINGAPORE%2520%25E2%2580%2594%2520Some%2520people%2520who%2520have%2520chosen%2520not%2520to%2520be%2520vaccinated%2520against%2520Covid-19%2520are%2520not%2520rushing%2520to%2520get%2520themselves%2520immunised%2520even%2520though%2520new%2520regulations%2520are%2520limiting%2520their%2520social%2520activities%252C%2520saying%2520they%2520are%2520still%2520on%2520the%2520fence%2520about%2520it.%26type%3Darticle&csi=undefined&rev=v8.28.8-wp&ct=1&xld=1&xd=1, line 41: TypeError: (intermediate value).search is not a function
JavaScript error: https://www.todayonline.com/sites/all/themes/weekend/templates/static/js/2.7a48a80a0c16da9664a2.js, line 5: TypeError: t.$store is undefined
JavaScript error: https://www.todayonline.com/sites/all/themes/weekend/templates/static/js/2.7a48a80a0c16da9664a2.js, line 5: TypeError: t.$store is undefined
JavaScript error: https://www.todayonline.com/sites/all/themes/weekend/templates/static/js/2.7a48a80a0c16da9664a2.js, line 5: TypeError: t.$store is undefined
JavaScript error: https://www.todayonline.com/sites/all/themes/weekend/templates/static/js/2.7a48a80a0c16da9664a2.js, line 5: TypeError: t.$store is undefined
JavaScript error: https://www.todayonline.com/sites/all/themes/weekend/templates/static/js/2.7a48a80a0c16da9664a2.js, line 5: TypeError: t.$store is undefined
JavaScript error: https://www.todayonline.com/sites/all/themes/weekend/templates/static/js/2.7a48a80a0c16da9664a2.js, line 5: TypeError: t.$store is undefined
JavaScript error: https://www.todayonline.com/sites/all/themes/weekend/templates/static/js/2.7a48a80a0c16da9664a2.js, line 5: TypeError: t.$store is undefined
JavaScript error: https://www.todayonline.com/sites/all/themes/weekend/templates/static/js/2.7a48a80a0c16da9664a2.js, line 5: TypeError: t.$store is undefined
JavaScript error: https://www.todayonline.com/sites/all/themes/weekend/templates/static/js/2.7a48a80a0c16da9664a2.js, line 5: TypeError: t.$store is undefined
JavaScript error: https://www.todayonline.com/sites/all/themes/weekend/templates/static/js/2.7a48a80a0c16da9664a2.js, line 5: TypeError: t.$store is undefined
JavaScript error: https://www.todayonline.com/sites/all/themes/weekend/templates/static/js/2.7a48a80a0c16da9664a2.js, line 5: TypeError: t.$store is undefined
JavaScript error: https://www.todayonline.com/sites/all/themes/weekend/templates/static/js/2.7a48a80a0c16da9664a2.js, line 5: TypeError: t.$store is undefined
JavaScript error: https://www.todayonline.com/sites/all/themes/weekend/templates/static/js/2.7a48a80a0c16da9664a2.js, line 5: TypeError: t.$store is undefined
JavaScript error: https://www.todayonline.com/sites/all/themes/weekend/templates/static/js/2.7a48a80a0c16da9664a2.js, line 5: TypeError: t.$store is undefined
JavaScript error: https://www.todayonline.com/sites/all/themes/weekend/templates/static/js/2.7a48a80a0c16da9664a2.js, line 5: TypeError: t.$store is undefined
JavaScript error: https://www.todayonline.com/sites/all/themes/weekend/templates/static/js/2.7a48a80a0c16da9664a2.js, line 5: TypeError: t.$store is undefined
JavaScript error: , line 0: TypeError: NetworkError when attempting to fetch resource.
JavaScript error: , line 0: TypeError: NetworkError when attempting to fetch resource.
1628862823796	Marionette	INFO	Stopped listening on port 50452

###!!! [Child][RunMessage] Error: Channel closing: too late to send/recv, messages will be lost


###!!! [Child][MessageChannel::SendAndWait] Error: Channel error: cannot send/recv

1628862855239	geckodriver	INFO	Listening on 127.0.0.1:55310
1628862858356	mozrunner::runner	INFO	Running command: "C:\\Program Files\\Mozilla Firefox\\firefox.exe" "--marionette" "-foreground" "-no-remote" "-profile" "C:\\Users\\micha\\AppData\\Local\\Temp\\rust_mozprofileefoLhz"
1628862859047	addons.webextension.doh-rollout@mozilla.org	WARN	Loading extension 'doh-rollout@mozilla.org': Reading manifest: Invalid extension permission: networkStatus
1628862859672	addons.webextension.screenshots@mozilla.org	WARN	Loading extension 'screenshots@mozilla.org': Reading manifest: Invalid extension permission: mozillaAddons
1628862859672	addons.webextension.screenshots@mozilla.org	WARN	Loading extension 'screenshots@mozilla.org': Reading manifest: Invalid extension permission: telemetry
1628862859673	addons.webextension.screenshots@mozilla.org	WARN	Loading extension 'screenshots@mozilla.org': Reading manifest: Invalid extension permission: resource://pdf.js/
1628862859673	addons.webextension.screenshots@mozilla.org	WARN	Loading extension 'screenshots@mozilla.org': Reading manifest: Invalid extension permission: about:reader*
JavaScript error: resource://gre/modules/XULStore.jsm, line 66: Error: Can't find profile directory.
1628862862633	Marionette	INFO	Listening on port 55326
1628862862659	Marionette	WARN	TLS certificate errors will be ignored for this session
JavaScript error: https://www.channelnewsasia.com/blueprint/cna/lib/ge-2020-min/js/chunk-vendors.js, line 1: SyntaxError: expected expression, got '<'
JavaScript error: https://www.channelnewsasia.com/blueprint/cna/lib/ge-2020-min/js/app.js, line 1: SyntaxError: expected expression, got '<'
JavaScript error: https://www.todayonline.com/singapore/some-unvaccinated-people-not-moved-pressure-new-covid-19-rules-those-allergic-hope, line 85: TypeError: googletag.pubads is not a function
JavaScript warning: https://www.todayonline.com/_Incapsula_Resource?SWJIYLWA=719d34d31c8e3a6e6fffd425f7e032f3&ns=1&cb=1341167463, line 1: unreachable code after return statement
JavaScript warning: https://www.todayonline.com/_Incapsula_Resource?SWJIYLWA=719d34d31c8e3a6e6fffd425f7e032f3&ns=1&cb=1341167463, line 1: unreachable code after return statement
JavaScript warning: https://www.todayonline.com/_Incapsula_Resource?SWJIYLWA=719d34d31c8e3a6e6fffd425f7e032f3&ns=1&cb=1341167463 line 1 > eval, line 1: unreachable code after return statement
JavaScript error: https://s7.addthis.com/static/sh.f48a1a04fe8dbf021b4cda1d.html#rand=0.4910947992992216&iit=1628862866695&tmr=load%3D1628862866645%26core%3D1628862866683%26main%3D1628862866690%26ifr%3D1628862866702&cb=0&cdn=0&md=0&kw=&ab=-&dh=www.todayonline.com&dr=&du=https%3A%2F%2Fwww.todayonline.com%2Fsingapore%2Fsome-unvaccinated-people-not-moved-pressure-new-covid-19-rules-those-allergic-hope&href=https%3A%2F%2Fwww.todayonline.com%2Fsingapore%2Fsome-unvaccinated-people-not-moved-pressure-new-covid-19-rules-those-allergic-hope&dt=Some%20unvaccinated%20people%20not%20moved%20by%20%E2%80%98pressure%E2%80%99%20of%20new%20Covid-19%20rules%3B%20those%20allergic%20hope%20for%20exceptions&dbg=0&cap=tc%3D0%26ab%3D0&inst=1&jsl=131073&prod=undefined&lng=en&ogt=type%3Darticle%2Cdescription%2Csite_name%2Ctitle%2Cheight%2Cwidth%2Cimage&pc=men&pub=ra-58dca8e1849ed839&ssl=1&sid=6116799255e535b9&srf=0.01&ver=300&xck=0&xtr=0&og=twitter%3DSINGAPORE%2520%25E2%2580%2594%2520Some%2520people%2520who%2520have%2520chosen%2520not%2520to%2520be%2520vaccinated%2520against%2520Covid-19%2520are%2520not%2520rushing%2520to%2520get%2520themselves%2520immunised%2520even%2520though%2520new%2520regulations%2520are%2520limiting%2520their%2520social%2520activities%252C%2520saying%2520they%2520are%2520still%2520on%2520the%2520fence%2520about%2520it.%26image%3Dhttps%253A%252F%252Fwww.todayonline.com%252Fsites%252Fdefault%252Ffiles%252Fstyles%252Fnew_app_article_detail%252Fpublic%252Fphotos%252F43_images%252F20210810_nlx_aug_10_dining_in-2.jpg%253Fitok%253DfupRhtuC%26width%3D1300%26height%3D650%26title%3DSome%2520unvaccinated%2520people%2520not%2520moved%2520by%2520%25E2%2580%2598pressure%25E2%2580%2599%2520of%2520new%2520Covid-19%2520rules%253B%2520those%2520allergic%2520hope%2520for%2520exceptions%26site_name%3DTODAYonline%26description%3DSINGAPORE%2520%25E2%2580%2594%2520Some%2520people%2520who%2520have%2520chosen%2520not%2520to%2520be%2520vaccinated%2520against%2520Covid-19%2520are%2520not%2520rushing%2520to%2520get%2520themselves%2520immunised%2520even%2520though%2520new%2520regulations%2520are%2520limiting%2520their%2520social%2520activities%252C%2520saying%2520they%2520are%2520still%2520on%2520the%2520fence%2520about%2520it.%26type%3Darticle&csi=undefined&rev=v8.28.8-wp&ct=1&xld=1&xd=1, line 41: TypeError: (intermediate value).search is not a function
JavaScript error: https://s7.addthis.com/static/sh.f48a1a04fe8dbf021b4cda1d.html#rand=0.4910947992992216&iit=1628862866695&tmr=load%3D1628862866645%26core%3D1628862866683%26main%3D1628862866690%26ifr%3D1628862866702&cb=0&cdn=0&md=0&kw=&ab=-&dh=www.todayonline.com&dr=&du=https%3A%2F%2Fwww.todayonline.com%2Fsingapore%2Fsome-unvaccinated-people-not-moved-pressure-new-covid-19-rules-those-allergic-hope&href=https%3A%2F%2Fwww.todayonline.com%2Fsingapore%2Fsome-unvaccinated-people-not-moved-pressure-new-covid-19-rules-those-allergic-hope&dt=Some%20unvaccinated%20people%20not%20moved%20by%20%E2%80%98pressure%E2%80%99%20of%20new%20Covid-19%20rules%3B%20those%20allergic%20hope%20for%20exceptions&dbg=0&cap=tc%3D0%26ab%3D0&inst=1&jsl=131073&prod=undefined&lng=en&ogt=type%3Darticle%2Cdescription%2Csite_name%2Ctitle%2Cheight%2Cwidth%2Cimage&pc=men&pub=ra-58dca8e1849ed839&ssl=1&sid=6116799255e535b9&srf=0.01&ver=300&xck=0&xtr=0&og=twitter%3DSINGAPORE%2520%25E2%2580%2594%2520Some%2520people%2520who%2520have%2520chosen%2520not%2520to%2520be%2520vaccinated%2520against%2520Covid-19%2520are%2520not%2520rushing%2520to%2520get%2520themselves%2520immunised%2520even%2520though%2520new%2520regulations%2520are%2520limiting%2520their%2520social%2520activities%252C%2520saying%2520they%2520are%2520still%2520on%2520the%2520fence%2520about%2520it.%26image%3Dhttps%253A%252F%252Fwww.todayonline.com%252Fsites%252Fdefault%252Ffiles%252Fstyles%252Fnew_app_article_detail%252Fpublic%252Fphotos%252F43_images%252F20210810_nlx_aug_10_dining_in-2.jpg%253Fitok%253DfupRhtuC%26width%3D1300%26height%3D650%26title%3DSome%2520unvaccinated%2520people%2520not%2520moved%2520by%2520%25E2%2580%2598pressure%25E2%2580%2599%2520of%2520new%2520Covid-19%2520rules%253B%2520those%2520allergic%2520hope%2520for%2520exceptions%26site_name%3DTODAYonline%26description%3DSINGAPORE%2520%25E2%2580%2594%2520Some%2520people%2520who%2520have%2520chosen%2520not%2520to%2520be%2520vaccinated%2520against%2520Covid-19%2520are%2520not%2520rushing%2520to%2520get%2520themselves%2520immunised%2520even%2520though%2520new%2520regulations%2520are%2520limiting%2520their%2520social%2520activities%252C%2520saying%2520they%2520are%2520still%2520on%2520the%2520fence%2520about%2520it.%26type%3Darticle&csi=undefined&rev=v8.28.8-wp&ct=1&xld=1&xd=1, line 41: TypeError: (intermediate value).search is not a function
JavaScript error: https://www.todayonline.com/sites/all/themes/weekend/templates/static/js/2.7a48a80a0c16da9664a2.js, line 5: TypeError: t.$store is undefined
JavaScript error: https://www.todayonline.com/sites/all/themes/weekend/templates/static/js/2.7a48a80a0c16da9664a2.js, line 5: TypeError: t.$store is undefined
JavaScript error: https://www.todayonline.com/sites/all/themes/weekend/templates/static/js/2.7a48a80a0c16da9664a2.js, line 5: TypeError: t.$store is undefined
JavaScript error: https://www.todayonline.com/sites/all/themes/weekend/templates/static/js/2.7a48a80a0c16da9664a2.js, line 5: TypeError: t.$store is undefined
JavaScript error: https://www.todayonline.com/sites/all/themes/weekend/templates/static/js/2.7a48a80a0c16da9664a2.js, line 5: TypeError: t.$store is undefined
JavaScript error: https://www.todayonline.com/sites/all/themes/weekend/templates/static/js/2.7a48a80a0c16da9664a2.js, line 5: TypeError: t.$store is undefined
JavaScript error: https://www.todayonline.com/sites/all/themes/weekend/templates/static/js/2.7a48a80a0c16da9664a2.js, line 5: TypeError: t.$store is undefined
JavaScript error: https://www.todayonline.com/sites/all/themes/weekend/templates/static/js/2.7a48a80a0c16da9664a2.js, line 5: TypeError: t.$store is undefined
JavaScript error: https://www.todayonline.com/sites/all/themes/weekend/templates/static/js/2.7a48a80a0c16da9664a2.js, line 5: TypeError: t.$store is undefined
JavaScript error: https://www.todayonline.com/sites/all/themes/weekend/templates/static/js/2.7a48a80a0c16da9664a2.js, line 5: TypeError: t.$store is undefined
JavaScript error: https://www.todayonline.com/sites/all/themes/weekend/templates/static/js/2.7a48a80a0c16da9664a2.js, line 5: TypeError: t.$store is undefined
JavaScript error: https://www.todayonline.com/sites/all/themes/weekend/templates/static/js/2.7a48a80a0c16da9664a2.js, line 5: TypeError: t.$store is undefined
JavaScript error: https://www.todayonline.com/sites/all/themes/weekend/templates/static/js/2.7a48a80a0c16da9664a2.js, line 5: TypeError: t.$store is undefined
JavaScript error: https://www.todayonline.com/sites/all/themes/weekend/templates/static/js/2.7a48a80a0c16da9664a2.js, line 5: TypeError: t.$store is undefined
JavaScript error: https://www.todayonline.com/sites/all/themes/weekend/templates/static/js/2.7a48a80a0c16da9664a2.js, line 5: TypeError: t.$store is undefined
1628862888831	Marionette	INFO	Stopped listening on port 55326
JavaScript error: , line 0: TypeError: NetworkError when attempting to fetch resource.
JavaScript error: , line 0: TypeError: NetworkError when attempting to fetch resource.

###!!! [Child][RunMessage] Error: Channel closing: too late to send/recv, messages will be lost


###!!! [Child][MessageChannel::SendAndWait] Error: Channel error: cannot send/recv

1628862891909	geckodriver	INFO	Listening on 127.0.0.1:55581
1628862894997	mozrunner::runner	INFO	Running command: "C:\\Program Files\\Mozilla Firefox\\firefox.exe" "--marionette" "-foreground" "-no-remote" "-profile" "C:\\Users\\micha\\AppData\\Local\\Temp\\rust_mozprofileylHIYS"
1628862895482	addons.webextension.doh-rollout@mozilla.org	WARN	Loading extension 'doh-rollout@mozilla.org': Reading manifest: Invalid extension permission: networkStatus
1628862896107	addons.webextension.screenshots@mozilla.org	WARN	Loading extension 'screenshots@mozilla.org': Reading manifest: Invalid extension permission: mozillaAddons
1628862896107	addons.webextension.screenshots@mozilla.org	WARN	Loading extension 'screenshots@mozilla.org': Reading manifest: Invalid extension permission: telemetry
1628862896108	addons.webextension.screenshots@mozilla.org	WARN	Loading extension 'screenshots@mozilla.org': Reading manifest: Invalid extension permission: resource://pdf.js/
1628862896108	addons.webextension.screenshots@mozilla.org	WARN	Loading extension 'screenshots@mozilla.org': Reading manifest: Invalid extension permission: about:reader*
JavaScript error: resource://gre/modules/XULStore.jsm, line 66: Error: Can't find profile directory.
1628862899007	Marionette	INFO	Listening on port 55597
1628862899199	Marionette	WARN	TLS certificate errors will be ignored for this session
JavaScript error: https://www.channelnewsasia.com/blueprint/cna/lib/ge-2020-min/js/chunk-vendors.js, line 1: SyntaxError: expected expression, got '<'
JavaScript error: https://www.channelnewsasia.com/blueprint/cna/lib/ge-2020-min/js/app.js, line 1: SyntaxError: expected expression, got '<'
JavaScript error: https://www.todayonline.com/singapore/covid-19-singapore-aug-11-2021, line 85: TypeError: googletag.pubads is not a function
JavaScript warning: https://www.todayonline.com/_Incapsula_Resource?SWJIYLWA=719d34d31c8e3a6e6fffd425f7e032f3&ns=1&cb=816777871, line 1: unreachable code after return statement
JavaScript warning: https://www.todayonline.com/_Incapsula_Resource?SWJIYLWA=719d34d31c8e3a6e6fffd425f7e032f3&ns=1&cb=816777871, line 1: unreachable code after return statement
JavaScript warning: https://www.todayonline.com/_Incapsula_Resource?SWJIYLWA=719d34d31c8e3a6e6fffd425f7e032f3&ns=1&cb=816777871 line 1 > eval, line 1: unreachable code after return statement
JavaScript warning: https://www.todayonline.com/_Incapsula_Resource?SWJIYLWA=719d34d31c8e3a6e6fffd425f7e032f3&ns=1&cb=816777871 line 1 > eval, line 1: unreachable code after return statement
JavaScript error: https://s7.addthis.com/static/sh.f48a1a04fe8dbf021b4cda1d.html#rand=0.37601934348234667&iit=1628862904992&tmr=load%3D1628862904933%26core%3D1628862904977%26main%3D1628862904985%26ifr%3D1628862905000&cb=0&cdn=0&md=0&kw=&ab=-&dh=www.todayonline.com&dr=&du=https%3A%2F%2Fwww.todayonline.com%2Fsingapore%2Fcovid-19-singapore-aug-11-2021&href=https%3A%2F%2Fwww.todayonline.com%2Fsingapore%2Fcovid-19-singapore-aug-11-2021&dt=Covid-19%3A%203%20new%20clusters%20detected%3B%20dip%20in%20number%20of%20patients%20in%20ICU&dbg=0&cap=tc%3D0%26ab%3D0&inst=1&jsl=131073&prod=undefined&lng=en&ogt=type%3Darticle%2Cdescription%2Csite_name%2Ctitle%2Cheight%2Cwidth%2Cimage&pc=men&pub=ra-58dca8e1849ed839&ssl=1&sid=611679b839f7a1a0&srf=0.01&ver=300&xck=0&xtr=0&og=twitter%3DSINGAPORE%2520%25E2%2580%2594%2520Singapore%2520on%2520Wednesday%2520(Aug%252011)%2520reported%2520three%2520new%2520clusters%2520of%2520Covid-19%2520infections%2520%25E2%2580%2594%2520one%2520of%2520which%2520is%2520linked%2520to%2520a%2520pre-school%2520%25E2%2580%2594%2520as%2520well%2520as%2520a%2520drop%2520in%2520the%2520number%2520of%2520patients%2520in%2520the%2520intensive%2520care%2520units%2520from%2520the%2520day%2520before.%26image%3Dhttps%253A%252F%252Fwww.todayonline.com%252Fsites%252Fdefault%252Ffiles%252Fstyles%252Fnew_app_article_detail%252Fpublic%252Fphotos%252F43_images%252Ftdymoh0811b.jpg%253Fitok%253DnuysPb1_%26width%3D1300%26height%3D650%26title%3DCovid-19%253A%25203%2520new%2520clusters%2520detected%253B%2520dip%2520in%2520number%2520of%2520patients%2520in%2520ICU%26site_name%3DTODAYonline%26description%3DSINGAPORE%2520%25E2%2580%2594%2520Singapore%2520on%2520Wednesday%2520(Aug%252011)%2520reported%2520three%2520new%2520clusters%2520of%2520Covid-19%2520infections%2520%25E2%2580%2594%2520one%2520of%2520which%2520is%2520linked%2520to%2520a%2520pre-school%2520%25E2%2580%2594%2520as%2520well%2520as%2520a%2520drop%2520in%2520the%2520number%2520of%2520patients%2520in%2520the%2520intensive%2520care%2520units%2520from%2520the%2520day%2520before.%26type%3Darticle&csi=undefined&rev=v8.28.8-wp&ct=1&xld=1&xd=1, line 41: TypeError: (intermediate value).search is not a function
JavaScript error: https://s7.addthis.com/static/sh.f48a1a04fe8dbf021b4cda1d.html#rand=0.37601934348234667&iit=1628862904992&tmr=load%3D1628862904933%26core%3D1628862904977%26main%3D1628862904985%26ifr%3D1628862905000&cb=0&cdn=0&md=0&kw=&ab=-&dh=www.todayonline.com&dr=&du=https%3A%2F%2Fwww.todayonline.com%2Fsingapore%2Fcovid-19-singapore-aug-11-2021&href=https%3A%2F%2Fwww.todayonline.com%2Fsingapore%2Fcovid-19-singapore-aug-11-2021&dt=Covid-19%3A%203%20new%20clusters%20detected%3B%20dip%20in%20number%20of%20patients%20in%20ICU&dbg=0&cap=tc%3D0%26ab%3D0&inst=1&jsl=131073&prod=undefined&lng=en&ogt=type%3Darticle%2Cdescription%2Csite_name%2Ctitle%2Cheight%2Cwidth%2Cimage&pc=men&pub=ra-58dca8e1849ed839&ssl=1&sid=611679b839f7a1a0&srf=0.01&ver=300&xck=0&xtr=0&og=twitter%3DSINGAPORE%2520%25E2%2580%2594%2520Singapore%2520on%2520Wednesday%2520(Aug%252011)%2520reported%2520three%2520new%2520clusters%2520of%2520Covid-19%2520infections%2520%25E2%2580%2594%2520one%2520of%2520which%2520is%2520linked%2520to%2520a%2520pre-school%2520%25E2%2580%2594%2520as%2520well%2520as%2520a%2520drop%2520in%2520the%2520number%2520of%2520patients%2520in%2520the%2520intensive%2520care%2520units%2520from%2520the%2520day%2520before.%26image%3Dhttps%253A%252F%252Fwww.todayonline.com%252Fsites%252Fdefault%252Ffiles%252Fstyles%252Fnew_app_article_detail%252Fpublic%252Fphotos%252F43_images%252Ftdymoh0811b.jpg%253Fitok%253DnuysPb1_%26width%3D1300%26height%3D650%26title%3DCovid-19%253A%25203%2520new%2520clusters%2520detected%253B%2520dip%2520in%2520number%2520of%2520patients%2520in%2520ICU%26site_name%3DTODAYonline%26description%3DSINGAPORE%2520%25E2%2580%2594%2520Singapore%2520on%2520Wednesday%2520(Aug%252011)%2520reported%2520three%2520new%2520clusters%2520of%2520Covid-19%2520infections%2520%25E2%2580%2594%2520one%2520of%2520which%2520is%2520linked%2520to%2520a%2520pre-school%2520%25E2%2580%2594%2520as%2520well%2520as%2520a%2520drop%2520in%2520the%2520number%2520of%2520patients%2520in%2520the%2520intensive%2520care%2520units%2520from%2520the%2520day%2520before.%26type%3Darticle&csi=undefined&rev=v8.28.8-wp&ct=1&xld=1&xd=1, line 41: TypeError: (intermediate value).search is not a function
JavaScript error: https://www.todayonline.com/sites/all/themes/weekend/templates/static/js/2.7a48a80a0c16da9664a2.js, line 5: TypeError: t.$store is undefined
JavaScript error: https://www.todayonline.com/sites/all/themes/weekend/templates/static/js/2.7a48a80a0c16da9664a2.js, line 5: TypeError: t.$store is undefined
JavaScript error: https://www.todayonline.com/sites/all/themes/weekend/templates/static/js/2.7a48a80a0c16da9664a2.js, line 5: TypeError: t.$store is undefined
JavaScript error: https://www.todayonline.com/sites/all/themes/weekend/templates/static/js/2.7a48a80a0c16da9664a2.js, line 5: TypeError: t.$store is undefined
JavaScript error: https://www.todayonline.com/sites/all/themes/weekend/templates/static/js/2.7a48a80a0c16da9664a2.js, line 5: TypeError: t.$store is undefined
JavaScript error: https://www.todayonline.com/sites/all/themes/weekend/templates/static/js/2.7a48a80a0c16da9664a2.js, line 5: TypeError: t.$store is undefined
JavaScript error: https://www.todayonline.com/sites/all/themes/weekend/templates/static/js/2.7a48a80a0c16da9664a2.js, line 5: TypeError: t.$store is undefined
JavaScript error: https://www.todayonline.com/sites/all/themes/weekend/templates/static/js/2.7a48a80a0c16da9664a2.js, line 5: TypeError: t.$store is undefined
JavaScript error: https://www.todayonline.com/sites/all/themes/weekend/templates/static/js/2.7a48a80a0c16da9664a2.js, line 5: TypeError: t.$store is undefined
JavaScript error: https://www.todayonline.com/sites/all/themes/weekend/templates/static/js/2.7a48a80a0c16da9664a2.js, line 5: TypeError: t.$store is undefined
JavaScript error: https://www.todayonline.com/sites/all/themes/weekend/templates/static/js/2.7a48a80a0c16da9664a2.js, line 5: TypeError: t.$store is undefined
JavaScript error: https://www.todayonline.com/sites/all/themes/weekend/templates/static/js/2.7a48a80a0c16da9664a2.js, line 5: TypeError: t.$store is undefined
JavaScript error: https://www.todayonline.com/sites/all/themes/weekend/templates/static/js/2.7a48a80a0c16da9664a2.js, line 5: TypeError: t.$store is undefined
JavaScript error: https://www.todayonline.com/sites/all/themes/weekend/templates/static/js/2.7a48a80a0c16da9664a2.js, line 5: TypeError: t.$store is undefined
1628862926883	Marionette	INFO	Stopped listening on port 55597
JavaScript error: , line 0: TypeError: NetworkError when attempting to fetch resource.
JavaScript error: , line 0: TypeError: NetworkError when attempting to fetch resource.

###!!! [Child][RunMessage] Error: Channel closing: too late to send/recv, messages will be lost


###!!! [Child][MessageChannel::SendAndWait] Error: Channel error: cannot send/recv

1628862930523	geckodriver	INFO	Listening on 127.0.0.1:55852
1628862933625	mozrunner::runner	INFO	Running command: "C:\\Program Files\\Mozilla Firefox\\firefox.exe" "--marionette" "-foreground" "-no-remote" "-profile" "C:\\Users\\micha\\AppData\\Local\\Temp\\rust_mozprofileNW415D"
1628862934114	addons.webextension.doh-rollout@mozilla.org	WARN	Loading extension 'doh-rollout@mozilla.org': Reading manifest: Invalid extension permission: networkStatus
1628862934746	addons.webextension.screenshots@mozilla.org	WARN	Loading extension 'screenshots@mozilla.org': Reading manifest: Invalid extension permission: mozillaAddons
1628862934747	addons.webextension.screenshots@mozilla.org	WARN	Loading extension 'screenshots@mozilla.org': Reading manifest: Invalid extension permission: telemetry
1628862934747	addons.webextension.screenshots@mozilla.org	WARN	Loading extension 'screenshots@mozilla.org': Reading manifest: Invalid extension permission: resource://pdf.js/
1628862934747	addons.webextension.screenshots@mozilla.org	WARN	Loading extension 'screenshots@mozilla.org': Reading manifest: Invalid extension permission: about:reader*
JavaScript error: resource://gre/modules/XULStore.jsm, line 66: Error: Can't find profile directory.
1628862937426	Marionette	INFO	Listening on port 55868
1628862937808	Marionette	WARN	TLS certificate errors will be ignored for this session
JavaScript error: https://www.channelnewsasia.com/blueprint/cna/lib/ge-2020-min/js/chunk-vendors.js, line 1: SyntaxError: expected expression, got '<'
JavaScript error: https://www.channelnewsasia.com/blueprint/cna/lib/ge-2020-min/js/app.js, line 1: SyntaxError: expected expression, got '<'
JavaScript error: https://www.todayonline.com/singapore/70-singapores-population-fully-vaccinated-under-national-programme-moh, line 85: TypeError: googletag.pubads is not a function
JavaScript warning: https://www.todayonline.com/_Incapsula_Resource?SWJIYLWA=719d34d31c8e3a6e6fffd425f7e032f3&ns=1&cb=771564148, line 1: unreachable code after return statement
JavaScript warning: https://www.todayonline.com/_Incapsula_Resource?SWJIYLWA=719d34d31c8e3a6e6fffd425f7e032f3&ns=1&cb=771564148, line 1: unreachable code after return statement
JavaScript warning: https://www.todayonline.com/_Incapsula_Resource?SWJIYLWA=719d34d31c8e3a6e6fffd425f7e032f3&ns=1&cb=771564148 line 1 > eval, line 1: unreachable code after return statement
JavaScript warning: https://www.todayonline.com/_Incapsula_Resource?SWJIYLWA=719d34d31c8e3a6e6fffd425f7e032f3&ns=1&cb=771564148 line 1 > eval, line 1: unreachable code after return statement
JavaScript error: https://s7.addthis.com/static/sh.f48a1a04fe8dbf021b4cda1d.html#rand=0.5018998952688987&iit=1628862942409&tmr=load%3D1628862942358%26core%3D1628862942395%26main%3D1628862942403%26ifr%3D1628862942417&cb=0&cdn=0&md=0&kw=&ab=-&dh=www.todayonline.com&dr=&du=https%3A%2F%2Fwww.todayonline.com%2Fsingapore%2F70-singapores-population-fully-vaccinated-under-national-programme-moh&href=https%3A%2F%2Fwww.todayonline.com%2Fsingapore%2F70-singapores-population-fully-vaccinated-under-national-programme-moh&dt=70%25%20of%20population%20vaccinated%20against%20Covid-19%3B%20no%20booking%20needed%20for%20Pfizer%20shot%20from%20Aug%2010%3A%20MOH&dbg=0&cap=tc%3D0%26ab%3D0&inst=1&jsl=131073&prod=undefined&lng=en&ogt=type%3Darticle%2Cdescription%2Csite_name%2Ctitle%2Cheight%2Cwidth%2Cimage&pc=men&pub=ra-58dca8e1849ed839&ssl=1&sid=611679de955eb05a&srf=0.01&ver=300&xck=0&xtr=0&og=twitter%3DSINGAPORE%2520%25E2%2580%2594%2520Seventy%2520per%2520cent%2520of%2520Singapore%25E2%2580%2599s%2520population%2520are%2520vaccinated%2520against%2520Covid-19%2520as%2520of%2520Sunday%2520(Aug%25208)%252C%2520data%2520from%2520the%2520Ministry%2520of%2520Health%2520(MOH)%2520showed.%26image%3Dhttps%253A%252F%252Fwww.todayonline.com%252Fsites%252Fdefault%252Ffiles%252Fstyles%252Fnew_app_article_detail%252Fpublic%252Fphotos%252F43_images%252F20210421_ili_yew_tee_cc_covid-19_vaccine_centre_-11.jpg%253Fitok%253D_srcZGq8%26width%3D1300%26height%3D650%26title%3D70%2525%2520of%2520population%2520vaccinated%2520against%2520Covid-19%253B%2520no%2520booking%2520needed%2520for%2520Pfizer%2520shot%2520from%2520Aug%252010%253A%2520MOH%26site_name%3DTODAYonline%26description%3DSINGAPORE%2520%25E2%2580%2594%2520Seventy%2520per%2520cent%2520of%2520Singapore%25E2%2580%2599s%2520population%2520are%2520vaccinated%2520against%2520Covid-19%2520as%2520of%2520Sunday%2520(Aug%25208)%252C%2520data%2520from%2520the%2520Ministry%2520of%2520Health%2520(MOH)%2520showed.%26type%3Darticle&csi=undefined&rev=v8.28.8-wp&ct=1&xld=1&xd=1, line 41: TypeError: (intermediate value).search is not a function
JavaScript error: https://s7.addthis.com/static/sh.f48a1a04fe8dbf021b4cda1d.html#rand=0.5018998952688987&iit=1628862942409&tmr=load%3D1628862942358%26core%3D1628862942395%26main%3D1628862942403%26ifr%3D1628862942417&cb=0&cdn=0&md=0&kw=&ab=-&dh=www.todayonline.com&dr=&du=https%3A%2F%2Fwww.todayonline.com%2Fsingapore%2F70-singapores-population-fully-vaccinated-under-national-programme-moh&href=https%3A%2F%2Fwww.todayonline.com%2Fsingapore%2F70-singapores-population-fully-vaccinated-under-national-programme-moh&dt=70%25%20of%20population%20vaccinated%20against%20Covid-19%3B%20no%20booking%20needed%20for%20Pfizer%20shot%20from%20Aug%2010%3A%20MOH&dbg=0&cap=tc%3D0%26ab%3D0&inst=1&jsl=131073&prod=undefined&lng=en&ogt=type%3Darticle%2Cdescription%2Csite_name%2Ctitle%2Cheight%2Cwidth%2Cimage&pc=men&pub=ra-58dca8e1849ed839&ssl=1&sid=611679de955eb05a&srf=0.01&ver=300&xck=0&xtr=0&og=twitter%3DSINGAPORE%2520%25E2%2580%2594%2520Seventy%2520per%2520cent%2520of%2520Singapore%25E2%2580%2599s%2520population%2520are%2520vaccinated%2520against%2520Covid-19%2520as%2520of%2520Sunday%2520(Aug%25208)%252C%2520data%2520from%2520the%2520Ministry%2520of%2520Health%2520(MOH)%2520showed.%26image%3Dhttps%253A%252F%252Fwww.todayonline.com%252Fsites%252Fdefault%252Ffiles%252Fstyles%252Fnew_app_article_detail%252Fpublic%252Fphotos%252F43_images%252F20210421_ili_yew_tee_cc_covid-19_vaccine_centre_-11.jpg%253Fitok%253D_srcZGq8%26width%3D1300%26height%3D650%26title%3D70%2525%2520of%2520population%2520vaccinated%2520against%2520Covid-19%253B%2520no%2520booking%2520needed%2520for%2520Pfizer%2520shot%2520from%2520Aug%252010%253A%2520MOH%26site_name%3DTODAYonline%26description%3DSINGAPORE%2520%25E2%2580%2594%2520Seventy%2520per%2520cent%2520of%2520Singapore%25E2%2580%2599s%2520population%2520are%2520vaccinated%2520against%2520Covid-19%2520as%2520of%2520Sunday%2520(Aug%25208)%252C%2520data%2520from%2520the%2520Ministry%2520of%2520Health%2520(MOH)%2520showed.%26type%3Darticle&csi=undefined&rev=v8.28.8-wp&ct=1&xld=1&xd=1, line 41: TypeError: (intermediate value).search is not a function
JavaScript error: https://www.todayonline.com/sites/all/themes/weekend/templates/static/js/2.7a48a80a0c16da9664a2.js, line 5: TypeError: t.$store is undefined
JavaScript error: https://www.todayonline.com/sites/all/themes/weekend/templates/static/js/2.7a48a80a0c16da9664a2.js, line 5: TypeError: t.$store is undefined
JavaScript error: https://www.todayonline.com/sites/all/themes/weekend/templates/static/js/2.7a48a80a0c16da9664a2.js, line 5: TypeError: t.$store is undefined
JavaScript error: https://www.todayonline.com/sites/all/themes/weekend/templates/static/js/2.7a48a80a0c16da9664a2.js, line 5: TypeError: t.$store is undefined
JavaScript error: https://www.todayonline.com/sites/all/themes/weekend/templates/static/js/2.7a48a80a0c16da9664a2.js, line 5: TypeError: t.$store is undefined
JavaScript error: https://www.todayonline.com/sites/all/themes/weekend/templates/static/js/2.7a48a80a0c16da9664a2.js, line 5: TypeError: t.$store is undefined
JavaScript error: https://www.todayonline.com/sites/all/themes/weekend/templates/static/js/2.7a48a80a0c16da9664a2.js, line 5: TypeError: t.$store is undefined
JavaScript error: https://www.todayonline.com/sites/all/themes/weekend/templates/static/js/2.7a48a80a0c16da9664a2.js, line 5: TypeError: t.$store is undefined
JavaScript error: https://www.todayonline.com/sites/all/themes/weekend/templates/static/js/2.7a48a80a0c16da9664a2.js, line 5: TypeError: t.$store is undefined
1628862965534	Marionette	INFO	Stopped listening on port 55868
JavaScript error: , line 0: TypeError: NetworkError when attempting to fetch resource.

###!!! [Child][MessageChannel::SendAndWait] Error: Channel error: cannot send/recv

